2.877651 79859.000000 134728.000000 1.000000
2.327309 107538.000000 1213700.000000 1.000000
1.723891 203624.000000 4336356.000000 1.000000
1.694452 227997.000000 4282125.000000 1.000000
1.634075 289854.545455 4071796.363636 1.100000
1.567595 341631.404959 3852504.132231 1.210000
1.405056 398598.797896 3357737.791134 1.331000
1.398283 331487.603306 3513755.890991 1.464100
1.342398 325519.245456 3644347.442736 1.610510
1.331223 387436.277949 3803870.146159 1.771561
1.284929 455054.763978 3595332.026388 1.948717
1.281462 505072.612317 3402676.374300 2.143589
1.208551 569247.996944 3074062.680723 2.357948
1.155250 632206.560684 2842677.371953 2.593742
1.119438 662840.743931 2649900.715175 2.853117
1.077951 688053.936810 2521868.607455 3.138428
1.064340 706117.755128 2448335.450807 3.452271
1.048069 721498.933692 2416319.426244 3.797498
1.043479 720813.530315 2419295.811533 4.177248
1.018813 720591.831515 2351399.677883 4.594973
1.028556 723320.109499 2422914.036385 5.054470
1.016357 736251.956493 2365911.264198 5.559917
1.033627 725549.050430 2228550.473866 6.115909
0.958888 749843.632553 2313740.485656 6.727500
0.957572 746750.318114 2311771.646750 7.400250
0.960492 760036.245287 2259887.551534 8.140275
0.928689 764976.507282 2231136.166160 8.954302
0.925347 782903.379595 2160131.924418 9.849733
0.880954 795533.726991 1993952.868945 10.834706
0.868654 829961.778858 1837654.856905 11.918177
0.877511 869898.478475 1750528.082986 13.109994
0.859229 875859.621120 1687068.218519 14.420994
0.843434 889931.177052 1658968.843398 15.863093
0.829774 898955.319975 1641656.577032 17.449402
0.813312 893936.585938 1612413.293491 19.194342
0.805343 902198.750595 1612539.831724 21.113777
0.789924 901002.190198 1576819.612818 23.225154
0.800055 926330.742802 1576694.478118 25.547670
0.778134 920829.362233 1586046.122654 28.102437
0.771976 901779.027877 1757314.249802 30.912681
0.779091 850810.720605 2019369.333712 34.003949
0.880689 465411.297105 3889676.668562 37.404343
0.824001 354391.244369 1850962.967648 41.144778
1.258659 566313.556824 2064161.856557 45.259256
0.904005 801673.029968 1644732.371153 49.785181
0.796590 737758.342890 1495610.324730 54.763699
0.725304 659269.910426 1410412.042732 60.240069
0.716829 525773.451656 1509019.048017 66.264076
0.516612 175615.311531 2419109.561157 72.890484
time: 6.544477
