2.877630 79822.000000 133557.000000 1.000000
2.329755 108119.000000 1220039.000000 1.000000
1.642085 197911.818182 4134319.090909 1.100000
1.650273 231883.471074 4162980.991736 1.210000
1.445500 275258.452292 3586736.288505 1.331000
1.463325 346013.250461 3570119.527355 1.464100
1.462831 398905.936629 3576731.594340 1.610510
1.480939 348287.753004 3921616.021125 1.771561
1.378265 399988.792627 3944684.428540 1.948717
1.304629 464953.910634 3625821.315983 2.143589
1.265279 514399.027862 3355755.528505 2.357948
1.202899 584763.145660 2990442.620776 2.593742
1.133944 642847.520423 2789053.803148 2.853117
1.109410 681744.727989 2633157.749050 3.138428
1.068883 707269.460702 2499011.654713 3.452271
1.045372 709920.521771 2393455.690089 3.797498
1.051857 722121.089689 2433709.128041 4.177248
1.047778 722664.096146 2396025.837951 4.594973
1.022033 728823.158964 2417177.530210 5.054470
1.014866 737355.210311 2386872.007574 5.559917
1.051269 733886.813406 2304860.634232 6.115909
0.980551 761039.619259 2317245.799692 6.727500
0.955251 749939.264458 2330393.315077 7.400250
0.971211 752928.868640 2269757.242743 8.140275
0.928171 766856.497390 2241772.728943 8.954302
0.923169 780299.552584 2178423.994460 9.849733
0.898413 799570.846248 2038131.640617 10.834706
0.866307 821724.654690 1866327.808586 10.834706
0.876711 865427.086715 1776369.206563 10.834706
0.868263 872936.381423 1714171.487167 10.834706
0.855378 884079.831059 1678553.630807 10.834706
0.839558 888920.202387 1660424.943141 10.834706
0.830737 901864.439243 1638142.658669 10.834706
0.825590 896102.953853 1638165.455781 10.834706
0.812668 895634.090182 1615941.410084 10.834706
0.817862 903763.244814 1618390.668987 10.834706
0.805811 903240.757168 1621122.538237 10.834706
0.793373 902397.448633 1601630.915566 10.834706
0.782383 897377.930772 1576956.134230 10.834706
0.800675 915843.314239 1574359.201729 10.834706
0.805157 930334.062841 1572042.202991 10.834706
0.792023 924333.900000 1582704.605884 10.834706
0.786369 920261.800560 1596731.659391 10.834706
0.779561 926751.132192 1580620.193061 10.834706
0.766344 919587.670589 1599519.367720 10.834706
0.762755 909609.457930 1685506.749830 10.834706
0.773288 895618.307567 1800816.847448 10.834706
0.774279 879890.700293 1866463.299112 10.834706
0.775475 871691.769887 1919703.691884 10.834706
0.778239 846328.183516 2045290.856604 10.834706
0.796004 813423.921798 2262794.036876 10.834706
0.840906 717362.339191 2970550.670057 10.834706
0.931410 396646.390078 4640138.852193 10.834706
0.827844 182143.014338 4822469.135112 10.834706
1.316213 458921.361224 2270985.583602 10.834706
0.875376 485893.759139 1821697.801780 10.834706
0.787343 406152.877890 1790901.396068 10.834706
0.373448 76791.101147 1549696.880352 10.834706
1.843741 170467.570569 2904269.314222 10.834706
1.468955 430859.132162 2578362.822763 10.834706
0.927178 801206.977407 1518410.475186 10.834706
0.886760 863344.796700 1350975.012749 10.834706
0.903851 808210.305453 1572551.492309 10.834706
0.914514 793244.878533 1657884.772679 10.834706
0.911810 787267.328211 1698783.159983 10.834706
0.886301 811143.287683 1614180.402438 10.834706
0.878318 815049.346622 1610819.166777 10.834706
0.884418 810432.885385 1640714.948138 10.834706
0.891453 797284.028301 1692972.111642 10.834706
0.876650 781747.012264 1725664.646340 10.834706
0.841533 838651.002388 1550794.187474 10.834706
0.860179 821585.287733 1629175.364078 10.834706
0.861999 802987.551804 1677815.539710 10.834706
0.871506 805381.340813 1683826.962663 10.834706
0.880029 797333.591252 1713579.685227 10.834706
0.895653 771936.039954 1784570.352073 10.834706
0.909904 759239.248668 1821834.676745 10.834706
0.934593 727301.695235 1915362.180426 10.834706
0.935152 717803.514063 1947504.538679 10.834706
0.999234 643309.475718 2153194.661848 10.834706
1.000605 574284.067561 2427606.816228 10.834706
1.016897 464243.886847 2847177.224853 10.834706
0.718560 356331.682666 3694608.253252 10.834706
0.488412 132917.128303 2484908.509809 10.834706
0.693351 7107.991708 4981387.615133 10.834706
0.705637 4316.000000 6697752.000000 1.000000
0.698756 7623.636364 6415529.090909 1.100000
time: 6.526621
