2.898146 80098.000000 137775.000000 1.000000
2.373117 115320.000000 1378463.000000 1.000000
1.811615 214528.000000 4555693.000000 1.000000
1.773990 245080.000000 4465877.000000 1.000000
1.691002 310181.818182 4195127.272727 1.100000
1.610796 371421.487603 3936047.933884 1.210000
1.440063 404917.355372 3454893.313298 1.331000
1.463004 339517.109487 3694802.267605 1.464100
1.232816 317062.297036 3446741.094436 1.610510
1.400762 417485.483142 3979715.629324 1.771561
1.346564 481909.867779 3662811.805777 1.948717
1.316575 537733.727020 3481810.954219 2.143589
1.246783 602268.237510 3081215.087057 2.357948
1.150685 648191.185464 2828043.690859 2.593742
1.135742 691818.878552 2686715.542895 2.853117
1.105222 715611.360342 2549163.160562 3.138428
1.085846 729947.864320 2475197.477062 3.452271
1.071319 740718.165287 2469037.026700 3.797498
1.072550 735525.368709 2456321.861632 4.177248
1.043616 740821.112574 2418666.232206 4.594973
1.046715 744551.216608 2447289.884506 5.054470
1.037913 753218.935439 2353072.763915 5.559917
1.032510 744259.269820 2273795.587547 6.115909
0.941260 732653.442903 2272274.710538 6.727500
0.978173 765204.559664 2337323.081016 7.400250
0.975732 778661.291878 2290649.903161 8.140275
0.946201 782795.427427 2245151.663285 8.954302
0.935799 801047.120739 2153008.482361 9.849733
0.890361 815510.457429 1983425.956577 10.834706
0.879474 843965.867443 1826152.560428 10.834706
0.885231 878261.399037 1750352.072229 10.834706
0.874530 886039.828876 1701704.512918 10.834706
0.858251 893655.171685 1669571.845744 10.834706
0.846011 902268.326531 1655943.695541 10.834706
0.836718 906318.921003 1645510.648204 10.834706
0.826515 899762.213293 1623883.757615 10.834706
0.819881 902305.244931 1615911.321588 10.834706
0.826397 916625.153640 1619808.427815 10.834706
0.809062 911231.098618 1617633.011138 10.834706
0.792246 903147.261322 1587930.774485 10.834706
0.794784 907324.393607 1572612.407667 10.834706
0.812279 928734.573193 1566944.233531 10.834706
0.801068 933604.663832 1563986.792862 10.834706
0.799388 927995.189951 1595676.808428 10.834706
0.788345 928102.345605 1593672.047051 10.834706
0.777330 930212.139827 1570790.946143 10.834706
0.776373 926627.547850 1654035.660371 10.834706
0.778276 911949.899852 1749248.304387 10.834706
0.784545 895986.568599 1847631.131347 10.834706
0.782367 883061.713903 1894959.688549 10.834706
0.781020 863734.101220 1963323.703582 10.834706
0.791913 827848.401873 2168456.912699 10.834706
0.835204 789091.004839 2605589.588449 10.834706
0.903949 557391.223311 4158797.593164 10.834706
0.931361 223248.236975 4980279.047899 10.834706
1.224209 378442.111989 3212894.302982 10.834706
1.012872 503733.744923 1985724.773004 10.834706
0.892080 505610.214862 1852968.793514 10.834706
0.382145 58354.698623 1543531.969154 10.834706
0.399136 122695.000000 1669180.000000 1.000000
0.387522 135278.181818 1649216.363636 1.100000
0.382066 129700.000000 1580432.231405 1.210000
1.915449 122163.786627 2277624.342600 1.331000
2.167453 113629.533502 2712774.400656 1.464100
2.086091 120439.488112 3181756.710607 1.610510
1.971465 160472.035679 3365650.406619 1.771561
1.862181 223298.702516 3229001.274736 1.948717
1.780586 274496.674574 3089058.390821 2.143589
1.802617 265831.172758 3144629.131639 2.357948
1.614220 348597.447090 2827019.687883 2.593742
1.369086 490002.388268 2411452.004492 2.853117
1.173212 619234.778278 2047629.331823 3.138428
1.002430 738776.834614 1696679.268877 3.452271
0.906683 822182.848782 1473434.483750 3.797498
0.875770 869959.804305 1337649.757300 4.177248
0.894088 869370.290502 1337079.895408 4.594973
0.889898 861136.925253 1375120.756103 5.054470
0.896799 831316.319900 1491884.237176 5.559917
0.920987 791618.868839 1659597.113950 6.115909
0.921375 795911.117106 1674592.506111 6.727500
0.914209 806210.201674 1637760.358271 7.400250
0.923675 780985.537698 1744836.643355 8.140275
0.886419 819260.467832 1596812.382394 8.954302
0.881803 818146.975683 1616339.196606 9.849733
0.891128 818833.482547 1639000.365380 10.834706
0.898115 802531.794165 1692639.107681 10.834706
0.888337 785019.274583 1745038.776206 10.834706
0.844879 841914.404291 1552191.456591 10.834706
0.867160 825433.292489 1634912.667917 10.834706
0.873237 811484.321396 1686362.149141 10.834706
0.876567 809736.604375 1683915.659117 10.834706
0.885274 801415.566363 1716331.951893 10.834706
0.900789 777050.438100 1787547.174902 10.834706
0.919747 765431.848666 1830754.808081 10.834706
0.941869 730563.989587 1926325.283681 10.834706
0.943956 721157.458340 1961395.178701 10.834706
1.003741 642744.439617 2156833.523872 10.834706
1.007783 579902.678746 2433165.250423 10.834706
1.027984 469133.175054 2874726.288165 10.834706
0.723815 360969.464279 3733951.914467 10.834706
0.480914 124095.569093 2404295.800561 10.834706
0.779458 7610.543418 5863089.993574 10.834706
time: 6.441772
