2.892582 79809.000000 132822.000000 1.000000
2.355994 111469.000000 1291619.000000 1.000000
1.769197 209067.272727 4442761.818182 1.100000
1.755205 252839.669421 4409645.454545 1.210000
1.644667 327311.044328 4069754.320060 1.331000
1.541890 413140.495868 3694363.772966 1.464100
1.486350 358899.354863 3697844.161166 1.610510
1.444123 357312.562198 3962105.736128 1.771561
1.412519 422271.144437 4003183.427702 1.948717
1.334747 495338.469321 3648898.036560 2.143589
1.309883 548066.441394 3391641.396679 2.357948
1.209225 624568.177034 2976483.254896 2.593742
1.158586 666248.596116 2791036.547137 2.853117
1.130031 700392.596595 2630275.414673 3.138428
1.086420 713938.403716 2494461.316972 3.452271
1.063966 739474.188442 2447458.610397 3.797498
1.071357 735560.080557 2458719.612399 4.177248
1.055696 740979.546585 2406335.365372 4.594973
1.044540 739549.109844 2456987.043108 5.054470
1.036799 747575.865906 2399065.714095 5.559917
1.070711 749500.027942 2302295.520872 6.115909
0.935327 732950.135584 2238775.936596 6.727500
0.967277 755406.782488 2322881.136378 7.400250
0.982099 775256.984259 2288045.077137 8.140275
0.945787 779245.960538 2253134.194648 8.954302
0.931879 788623.636363 2157574.799182 9.849733
0.900852 817085.488638 2019713.051221 10.834706
0.872408 832599.984451 1830580.737828 10.834706
0.888435 877195.749443 1764359.097504 10.834706
0.876941 882326.760869 1710225.464061 10.834706
0.859013 890595.005570 1669741.208901 10.834706
0.846575 899499.723474 1653908.753374 10.834706
0.839564 909304.511952 1641885.261395 10.834706
0.827357 897550.801176 1626316.587831 10.834706
0.819394 901445.692300 1613103.492732 10.834706
0.826365 913627.102731 1617550.683108 10.834706
0.813264 913888.300406 1615628.434354 10.834706
0.796092 906732.407075 1592482.167043 10.834706
0.787963 900126.044118 1563273.898572 10.834706
0.806278 922342.613839 1559809.291392 10.834706
0.804732 934822.048048 1560949.608450 10.834706
0.799405 929296.102045 1590040.199523 10.834706
0.791119 928819.393215 1592759.147333 10.834706
0.779558 930694.201826 1571864.256306 10.834706
0.774880 925609.707582 1630184.713114 10.834706
0.775944 914460.351003 1725153.418807 10.834706
0.782409 896089.386341 1827568.750224 10.834706
0.784713 887285.547963 1893621.765759 10.834706
0.782699 870766.317914 1943051.533655 10.834706
0.781942 828738.412184 2111058.308321 10.834706
0.825064 804697.796650 2469054.457018 10.834706
0.894033 625288.128298 3688123.444124 10.834706
0.949904 271740.185233 4985535.766475 10.834706
1.144525 309237.003524 3871029.100295 10.834706
1.067176 476649.207370 2060935.858959 10.834706
0.995652 623803.547167 1848207.704448 10.834706
0.398558 46425.810043 1594507.141243 10.834706
1.276425 121164.986559 2310924.923189 10.834706
1.723078 299444.951894 2997323.800912 10.834706
1.070157 698416.093574 1824469.635197 10.834706
0.888410 866560.204685 1350164.838477 10.834706
0.900161 838186.015149 1467507.847751 10.834706
0.928276 794281.639480 1682065.216650 10.834706
0.918524 800253.190562 1672017.135920 10.834706
0.918604 788759.846797 1709832.190813 10.834706
0.874029 830405.185615 1584087.199937 10.834706
0.894452 822587.714569 1620339.683581 10.834706
0.900317 803423.558100 1698196.342027 10.834706
0.895581 786865.009955 1745547.234860 10.834706
0.844861 847667.213858 1537437.202914 10.834706
0.869908 822417.982228 1658088.008467 10.834706
0.872954 818205.315984 1667465.189586 10.834706
0.876590 813711.885312 1675172.551506 10.834706
0.888534 803923.433226 1716291.987726 10.834706
0.899204 789279.934747 1758312.140592 10.834706
0.920540 763998.307222 1836907.074727 10.834706
0.936360 735191.434047 1917896.351648 10.834706
0.941196 728966.899634 1936548.542215 10.834706
1.014560 652145.986879 2152123.289901 10.834706
1.004507 604288.296721 2356846.520194 10.834706
1.032359 482900.969102 2822520.533532 10.834706
0.789842 372370.142861 3613020.898263 10.834706
0.536924 175743.671305 2883591.595678 10.834706
0.713246 7162.630939 4968133.632907 10.834706
time: 6.430348
