2.869314 79488.000000 131988.000000 1.000000
2.448653 120857.000000 1467745.000000 1.000000
1.853766 219158.000000 4658134.000000 1.000000
1.794978 253005.454545 4512090.909091 1.100000
1.657219 319197.520661 4104073.553719 1.210000
1.350647 317778.362134 3278588.279489 1.331000
1.395510 385619.834711 3360430.298477 1.464100
1.571343 350332.503368 3986189.467933 1.610510
1.443092 409730.740291 4189667.756290 1.771561
1.390766 466667.532193 3881572.651053 1.948717
1.349911 520018.575764 3585702.147792 2.143589
1.266821 583638.477330 3227493.141195 2.357948
1.188325 643238.496368 2899816.429620 2.593742
1.160272 684101.002886 2735165.015608 2.853117
1.116450 713861.439891 2595765.148068 3.138428
1.096911 727608.245125 2506963.521266 3.452271
1.077387 740062.733796 2468126.690553 3.797498
1.072688 738980.992942 2466580.529124 4.177248
1.062245 748395.912274 2442413.052987 4.594973
1.041031 737380.138739 2435664.531762 5.054470
1.038705 757554.611429 2371709.551867 5.559917
1.044756 742004.331119 2276396.018633 6.115909
0.956572 745877.374626 2303853.157450 6.727500
0.981381 765783.729291 2346026.976220 7.400250
0.981010 777836.995396 2295337.336975 8.140275
0.950674 783069.262270 2253097.005821 8.954302
0.939981 800200.092674 2163843.700281 9.849733
0.905538 826326.902343 2016546.467819 10.834706
0.880552 844848.284310 1824419.526860 11.918177
0.886650 879065.454314 1744962.176630 13.109994
0.861636 881287.749175 1672797.218507 14.420994
0.847800 899463.996425 1652915.421145 15.863093
0.832951 901191.843576 1636559.325067 17.449402
0.827379 908673.480420 1622194.248480 19.194342
0.812268 912042.134017 1616862.885865 21.113777
0.798596 910801.565301 1575561.020540 23.225154
0.801603 928241.993427 1572414.557460 25.547670
0.783038 929952.129820 1592386.106655 28.102437
0.781374 903772.740455 1791403.302639 30.912681
0.798036 852268.727750 2106877.759166 34.003949
1.004359 433283.049706 3972861.820698 37.404343
0.910270 307745.956604 1927538.736659 41.144778
1.130330 672593.851089 1892247.451375 45.259256
0.899059 800312.163171 1642225.058793 49.785181
0.792998 733848.271018 1500548.139446 54.763699
0.804001 717724.652412 1569422.412961 54.763699
0.882624 603820.531856 1925639.601932 54.763699
time: 6.435483
