2.874871 79874.000000 132139.000000 1.000000
2.408277 116776.000000 1378470.000000 1.000000
1.806916 217254.000000 4537967.000000 1.000000
1.776443 247734.000000 4476018.000000 1.000000
1.702954 310338.181818 4222904.545455 1.100000
1.620016 372359.504132 3952080.165289 1.210000
1.441463 402125.469572 3457528.925620 1.331000
1.468966 337812.307902 3701827.060993 1.464100
1.445509 381449.354552 4100715.301364 1.610510
1.280105 380282.135360 3572070.055731 1.771561
1.309065 474812.891004 3562685.420064 1.948717
1.291038 528449.763647 3397716.467833 2.143589
1.241731 601470.509890 3068948.063445 2.357948
1.170764 659204.229526 2864990.689829 2.593742
1.137599 697168.817434 2689012.679913 2.853117
1.109145 717448.585637 2556751.034855 3.138428
1.086537 731133.460626 2469554.235616 3.452271
1.070112 738806.117050 2463712.995400 3.797498
1.069493 733217.629353 2443026.745387 4.177248
1.052990 746082.514561 2437858.510433 4.594973
1.048317 744809.601745 2443715.029184 5.054470
1.041003 754993.961837 2350277.938179 5.559917
1.035296 749042.532584 2283454.004565 6.115909
0.952502 741904.576380 2296454.866796 6.727500
0.980224 764334.453918 2331343.553252 7.400250
0.968713 775135.489591 2275614.907301 8.140275
0.947901 783389.778583 2241532.509225 8.954302
0.936141 803578.966101 2149899.565499 9.849733
0.891760 816884.652546 1978671.143639 10.834706
0.879678 846261.914990 1822232.011017 10.834706
0.888278 880447.152866 1751088.963478 10.834706
0.873933 884527.189762 1698953.999876 10.834706
0.856611 891507.351512 1663137.891711 10.834706
0.847750 903143.015706 1655076.113159 10.834706
0.836558 904805.912705 1640593.025125 10.834706
0.828766 901497.931835 1624965.374417 10.834706
0.824774 906883.311032 1619731.176065 10.834706
0.826974 916761.197941 1618183.002991 10.834706
0.808204 909505.624932 1612560.792262 10.834706
0.793820 904044.009240 1588569.001312 10.834706
0.795725 908455.296473 1570597.401435 10.834706
0.815080 929889.657610 1567884.637457 10.834706
0.803329 936230.946461 1567919.156160 10.834706
0.799890 929675.900078 1593423.863112 10.834706
0.787332 927995.743727 1590918.119058 10.834706
0.776855 931027.482675 1571597.336279 10.834706
0.774813 925932.651280 1655542.207949 10.834706
0.778402 912143.813744 1751439.319087 10.834706
0.784433 895920.761553 1849158.537821 10.834706
0.783513 885106.347150 1896643.444443 10.834706
0.780696 861628.921798 1967276.833480 10.834706
0.802034 835755.861517 2196775.355452 10.834706
0.840361 784726.511677 2658962.979755 10.834706
0.903880 534687.792199 4306125.357142 10.834706
0.929963 211979.633965 5049365.648302 10.834706
1.244270 389295.475303 2975110.738439 10.834706
1.010986 536205.046113 1930664.026260 10.834706
0.856195 455833.229421 1857833.715578 10.834706
0.375101 65589.412737 1537368.350099 10.834706
0.402548 138066.000000 1710965.000000 1.000000
0.400008 139070.000000 1690594.545455 1.100000
1.149480 107694.214876 1806687.603306 1.210000
2.113610 125762.584523 2464752.066116 1.331000
2.111770 107736.493409 2848067.754935 1.464100
2.040809 131861.956771 3346261.122253 1.610510
1.950586 167167.825438 3348427.178065 1.771561
1.824080 248216.121263 3171250.460110 1.948717
1.762291 293052.938637 3049411.794606 2.143589
1.814131 246121.235944 3163361.099345 2.357948
1.547591 396661.586810 2699256.810458 2.593742
1.331495 523080.250031 2347943.911882 2.853117
1.131569 660566.930690 1951912.634183 3.138428
0.983626 766801.863354 1647907.608267 3.452271
0.896804 834833.282239 1446587.072380 3.797498
0.881354 877245.461936 1321202.805332 4.177248
0.895448 869396.405999 1343684.939679 4.594973
0.893799 860809.888015 1385675.373500 5.054470
0.900574 822618.168961 1512181.121758 5.559917
0.930849 790384.220000 1688345.742929 6.115909
0.925631 795442.592391 1687840.666745 6.727500
0.916911 814666.672803 1632109.738317 7.400250
0.933401 775100.109950 1771667.432443 8.140275
0.878625 835667.999419 1554504.229095 8.954302
0.889789 819338.378576 1625254.463943 9.849733
0.895385 818800.625172 1648895.419345 10.834706
0.900391 802001.276768 1700299.306345 10.834706
0.885566 787416.386248 1726421.565821 10.834706
0.851707 845025.240910 1562073.589116 10.834706
0.871632 830580.824899 1637950.036921 10.834706
0.875547 812388.545291 1697227.049454 10.834706
0.881110 809927.380203 1694155.807819 10.834706
0.888950 799430.094850 1727063.669081 10.834706
0.908032 775990.418561 1796947.430021 10.834706
0.923603 764169.516299 1840492.312776 10.834706
0.946514 730332.880407 1937521.618924 10.834706
0.957046 710414.665633 2000025.484146 10.834706
1.015230 661705.083411 2132253.622822 10.834706
1.018040 545530.910657 2563348.294371 10.834706
1.004523 450960.369901 2961878.353476 10.834706
0.696057 355352.791309 3902526.586409 10.834706
0.431452 61924.338649 1925569.656344 10.834706
1.084937 3849.000000 1907257.000000 1.000000
1.199980 21360.000000 6427976.000000 1.000000
0.797689 11571.000000 7777153.000000 1.000000
0.796825 8303.636364 7764617.272727 1.100000
0.802909 7848.760331 7801403.305785 1.210000
0.806499 7692.712246 7787545.454545 1.331000
0.815849 6474.967557 7803303.736084 1.464100
time: 6.438792
