2.850086 78770.000000 132975.000000 1.000000
2.348652 108015.000000 1195648.000000 1.000000
1.682719 199820.000000 4226544.000000 1.000000
1.461067 194101.000000 3683185.000000 1.000000
1.543218 259705.454545 3848938.181818 1.100000
1.544876 327555.371901 3811699.173554 1.210000
1.442949 402028.549962 3442676.934636 1.331000
1.433074 350129.089543 3567117.000205 1.464100
1.441495 347911.531130 3896586.174566 1.610510
1.401531 403588.699458 3969482.281446 1.771561
1.317663 466471.505792 3675501.179725 1.948717
1.304173 514827.748144 3448902.590605 2.143589
1.205588 570711.557825 3060086.543710 2.357948
1.138524 627051.075818 2794602.437021 2.593742
1.095037 647835.399106 2583568.342723 2.853117
1.020535 648599.475807 2368996.550996 3.138428
1.049784 701627.957242 2416633.712096 3.452271
1.061773 730683.927842 2439649.785381 3.797498
1.057610 728993.317250 2440074.083850 4.177248
1.032771 731322.253684 2376257.060143 4.594973
1.031728 728350.112361 2421608.063726 5.054470
1.024235 743138.012138 2384758.702764 5.054470
1.059221 732162.776975 2270264.212270 5.054470
0.933770 730687.053590 2177427.579835 5.054470
0.959359 742180.839630 2326947.303444 5.054470
0.956093 753203.359668 2313795.776923 5.054470
0.978541 761494.831897 2275628.770467 5.054470
0.963815 775268.777746 2289840.150879 5.054470
0.938677 769350.056631 2243693.673236 5.054470
0.935981 776768.440336 2207568.819453 5.054470
0.923509 792282.232203 2163363.593702 5.054470
0.919133 803281.208726 2093361.005883 5.054470
0.901261 812916.837636 2031474.995607 5.054470
0.856272 800949.411459 1885050.353998 5.054470
0.870315 821334.930453 1840357.836828 5.054470
0.875693 852940.814154 1800785.143999 5.054470
0.879210 864473.179904 1765470.068445 5.054470
0.884334 879168.092687 1737804.459169 5.054470
0.872963 876640.627042 1719945.020908 5.054470
0.870824 882560.139535 1695398.037148 5.054470
0.861104 890559.395188 1675101.548255 5.054470
0.853306 883786.578638 1671291.455621 5.054470
0.845401 894675.751369 1653343.976482 5.054470
0.840120 890997.621130 1657939.710296 5.054470
0.843193 910173.913508 1642424.335671 5.054470
0.828595 902629.502748 1632199.723183 5.054470
0.832357 899639.476267 1644695.988160 5.054470
0.831977 902265.468558 1634938.091245 5.054470
0.816796 893460.985102 1610609.132310 5.054470
0.817938 903362.121557 1603906.748462 5.054470
0.812602 891915.818238 1620563.093292 5.054470
0.827120 914987.474302 1618601.859089 5.054470
0.819136 910254.040599 1616014.842199 5.054470
0.813779 909959.647731 1623807.745862 5.054470
0.808192 911777.444549 1616793.954505 5.054470
0.792575 899485.750960 1601953.230201 5.054470
0.792845 904783.437659 1577375.778362 5.054470
0.788146 902665.906168 1588368.226011 5.054470
0.786276 899093.820671 1564582.152848 5.054470
0.801927 913630.457718 1576509.812247 5.054470
0.805554 922736.060759 1559935.572954 5.054470
0.813939 931669.143250 1570291.752148 5.054470
0.801525 933440.446570 1559721.505022 5.054470
0.788181 921214.239566 1548333.961570 5.054470
0.792713 924493.514953 1583653.983241 5.054470
0.802142 927709.677891 1605063.941930 5.054470
0.794353 928917.519595 1598998.815760 5.054470
0.781210 920398.130307 1587871.042358 5.054470
0.782963 927977.559573 1578353.526716 5.054470
0.767036 921304.456735 1562774.841797 5.054470
0.778587 929537.366942 1603838.294206 5.054470
0.769472 921646.925857 1644532.172774 5.054470
0.764883 910228.914326 1674203.531303 5.054470
0.772042 912011.296948 1717946.196218 5.054470
0.777886 899857.698937 1791660.547869 5.054470
0.773863 887190.298321 1817626.275750 5.054470
0.781568 889262.523384 1861358.059208 5.054470
0.773022 874122.262251 1870145.132333 5.054470
0.781500 880034.058803 1909520.771871 5.054470
0.779149 871287.741680 1927325.407160 5.054470
0.765578 846275.625104 1931446.511613 5.054470
0.791532 852314.833622 2092263.165816 5.054470
0.794668 831130.022165 2205771.796325 5.054470
0.807319 821043.703100 2264688.553811 5.054470
0.819355 787473.815370 2539540.303187 5.054470
0.854405 731408.790942 2973394.075463 5.054470
0.837479 571770.499587 3502408.561499 5.054470
0.948708 442040.386830 5224383.864399 5.054470
0.969531 247787.390049 4318518.216401 5.054470
0.855617 178562.133935 5245518.818999 5.054470
1.055151 274258.413214 4414786.068929 5.054470
1.296872 409629.473171 2291373.447063 5.054470
1.182493 415797.082879 2274364.345188 5.054470
0.902885 520213.563785 1821047.207920 5.054470
0.916972 558470.589565 1791973.735980 5.054470
0.975336 632648.095587 1737197.471725 5.054470
0.608890 177448.466294 1822000.225690 5.054470
0.450433 169518.000000 1627819.000000 1.000000
0.543153 148627.272727 1666573.636364 1.100000
0.365907 16004.132231 1670944.628099 1.210000
0.259966 0.000000 1484031.000000 1.000000
0.331070 0.000000 1521977.000000 1.000000
0.283416 33745.454545 1164926.363636 1.100000
0.342766 69535.000000 1431141.000000 1.000000
0.398276 92698.181818 1651661.818182 1.100000
0.413065 127900.000000 1731897.520661 1.210000
0.408960 142478.587528 1736981.968445 1.331000
1.079760 120450.105867 1887935.933338 1.464100
2.151115 126753.016125 2562258.539220 1.610510
2.103993 111861.798719 3051250.846005 1.771561
1.972585 155584.409866 3345159.746379 1.948717
1.860729 219728.708138 3227024.682966 2.143589
1.768408 277677.067434 3064657.043743 2.357948
1.806703 244748.277736 3153634.227696 2.593742
1.536142 387326.251896 2685636.021685 2.853117
1.307273 526095.803953 2311944.428562 3.138428
1.098878 673811.486856 1893581.237982 3.452271
0.953036 783656.169621 1580129.724714 3.797498
0.878362 843775.101945 1404117.917375 4.177248
0.887065 874848.233479 1316966.610678 4.594973
0.890139 861632.921838 1360354.421395 5.054470
0.889838 847622.353765 1420543.320102 5.054470
0.908921 810183.811379 1565376.499194 5.054470
0.934602 782852.163905 1716555.546040 5.054470
0.914536 800205.317659 1645031.137029 5.054470
0.915430 809239.498775 1622904.584948 5.054470
0.915499 793150.968145 1705341.512362 5.054470
0.911449 769232.339053 1709280.995409 5.054470
0.915413 766507.622273 1754077.776720 5.054470
0.855311 863312.820921 1445174.387846 5.054470
0.873389 815844.740891 1617957.874692 5.054470
0.894821 820871.380393 1614565.432154 5.054470
0.886523 823412.695166 1614923.333160 5.054470
0.898075 805182.495994 1674425.908711 5.054470
0.891531 812654.495605 1658528.100341 5.054470
0.908349 785254.196030 1737365.441849 5.054470
0.892631 775738.658835 1755119.626747 5.054470
0.880304 783539.871974 1735268.684048 5.054470
0.850153 845877.759474 1531381.641115 5.054470
0.837767 852363.899100 1533363.451163 5.054470
0.867938 821914.417488 1633642.208664 5.054470
0.863250 815763.822421 1666041.251643 5.054470
0.868602 829627.391905 1597327.226153 5.054470
0.862580 817411.077134 1669236.838735 5.054470
0.884920 797471.697869 1739820.892035 5.054470
0.869173 809961.038282 1674931.995374 5.054470
0.884703 804118.289520 1705113.793148 5.054470
0.880472 795594.547650 1712148.951730 5.054470
0.882338 802475.189545 1703969.063894 5.054470
0.897406 777704.839154 1782608.956423 5.054470
0.895138 782070.281773 1760404.849232 5.054470
0.921462 758865.871937 1843462.217528 5.054470
0.915496 769481.623336 1804772.109767 5.054470
0.918292 746900.424206 1851179.940217 5.054470
0.937607 714616.131135 1963407.130806 5.054470
0.945936 732128.747692 1908916.158563 5.054470
0.940030 729629.178145 1933239.380002 5.054470
0.972710 673888.025440 2104231.976905 5.054470
1.037876 632424.926800 2202728.549628 5.054470
0.984591 680673.108360 2064627.233240 5.054470
0.987587 589012.662482 2390290.241862 5.054470
1.028763 521755.762979 2613670.326488 5.054470
1.025526 493471.097734 2737283.279927 5.054470
1.029049 438741.129132 2970830.997777 5.054470
0.797946 372237.028594 3453912.282724 5.054470
0.673527 350893.150023 3920580.176094 5.054470
0.655876 339566.938418 4068293.973565 5.054470
0.412395 1668.621938 1667175.099440 5.054470
0.296334 1828.000000 836485.000000 1.000000
0.295602 1705.454545 836224.545455 1.100000
0.297066 1523.140496 865819.834711 1.210000
0.785587 5057.851240 2343411.720511 1.331000
1.346907 17888.000000 5110299.000000 1.000000
0.742138 12276.000000 7244157.000000 1.000000
0.743600 7758.181818 7237812.727273 1.100000
0.744797 7276.859504 7239104.132231 1.210000
0.749083 7365.138993 7243398.196844 1.331000
0.756112 6653.234069 7254980.534117 1.464100
0.764148 4096.217968 7265687.266766 1.610510
time: 6.523585
