2.872622 79425.000000 130047.000000 1.000000
2.396013 115721.000000 1370928.000000 1.000000
1.779395 210630.000000 4479029.000000 1.000000
1.742855 238828.000000 4390269.000000 1.000000
1.661523 299785.000000 4146818.000000 1.000000
1.611462 348879.000000 3960790.000000 1.000000
1.392991 398880.000000 3304954.000000 1.000000
1.452657 370473.000000 3566587.000000 1.000000
1.492117 345691.000000 3776292.000000 1.000000
1.536712 360219.000000 4101715.000000 1.000000
1.371768 402639.000000 4102426.000000 1.000000
1.435894 409863.000000 3953795.000000 1.000000
1.340151 458272.000000 3801165.000000 1.000000
1.131084 416531.000000 3101400.000000 1.000000
1.177108 459841.000000 3175482.000000 1.000000
1.284268 506386.000000 3356190.000000 1.000000
1.233025 525748.000000 3169800.000000 1.000000
1.206171 575902.000000 3081205.000000 1.000000
1.224398 605681.000000 2944581.000000 1.000000
1.128649 630956.000000 2815029.000000 1.000000
1.143991 642765.000000 2838947.000000 1.000000
1.168625 653788.000000 2775877.000000 1.000000
1.115366 686169.000000 2687717.000000 1.000000
1.130611 681771.000000 2646344.000000 1.000000
1.106474 695595.000000 2619193.000000 1.000000
1.112046 696126.000000 2551062.000000 1.000000
1.044509 692754.000000 2426214.000000 1.000000
1.075967 719581.000000 2504648.000000 1.000000
1.079485 718921.000000 2511683.000000 1.000000
1.092119 710992.000000 2477606.000000 1.000000
1.047918 729654.000000 2381870.000000 1.000000
1.049026 735655.000000 2410277.000000 1.000000
1.050618 739601.000000 2467305.000000 1.000000
1.087403 717652.000000 2462308.000000 1.000000
1.057468 735654.000000 2433336.000000 1.000000
1.046554 740539.000000 2452422.000000 1.000000
1.067499 723776.000000 2440726.000000 1.000000
1.051315 725297.000000 2437868.000000 1.000000
1.064141 720636.000000 2407075.000000 1.000000
1.056919 739844.000000 2407086.000000 1.000000
1.061448 732641.000000 2368131.000000 1.000000
1.017531 755130.000000 2378482.000000 1.000000
1.023853 743572.000000 2463175.000000 1.000000
1.052305 720019.000000 2446862.000000 1.000000
1.042185 730791.000000 2454998.000000 1.000000
1.010913 711968.000000 2359594.000000 1.000000
1.011154 739384.000000 2395328.000000 1.000000
1.027262 729619.000000 2410232.000000 1.000000
1.039371 733856.000000 2404594.000000 1.000000
1.033876 739726.000000 2390714.000000 1.000000
1.003246 760601.000000 2352748.000000 1.000000
1.020618 738140.000000 2376275.000000 1.000000
1.014998 741622.000000 2371309.000000 1.000000
1.011710 737256.000000 2267684.000000 1.000000
1.047784 742023.000000 2191425.000000 1.000000
1.080291 723780.000000 2312273.000000 1.000000
1.098092 740290.000000 2323640.000000 1.000000
1.021298 701463.000000 2186197.000000 1.000000
1.014695 736438.000000 2202064.000000 1.000000
0.914580 730016.000000 2131295.000000 1.000000
0.884682 705327.000000 2098209.000000 1.000000
0.909528 725156.000000 2164564.000000 1.000000
0.907673 722097.000000 2181283.000000 1.000000
0.951522 748594.000000 2329619.000000 1.000000
0.975424 743609.000000 2371489.000000 1.000000
0.982711 750963.000000 2363379.000000 1.000000
0.982088 763162.000000 2373044.000000 1.000000
0.968089 758217.000000 2356575.000000 1.000000
0.966061 767714.000000 2352189.000000 1.000000
0.957590 735092.000000 2306193.000000 1.000000
0.929014 740961.000000 2271705.000000 1.000000
0.953932 772700.000000 2319428.000000 1.000000
0.966516 745567.000000 2305928.000000 1.000000
0.999851 752258.000000 2314730.000000 1.000000
0.964157 772453.000000 2299993.000000 1.000000
0.986631 755760.000000 2297334.000000 1.000000
0.963533 775081.000000 2254061.000000 1.000000
0.978994 765473.000000 2248638.000000 1.000000
1.003113 761714.000000 2231171.000000 1.000000
0.977393 759934.000000 2279135.000000 1.000000
0.933230 780502.000000 2262511.000000 1.000000
0.945375 785404.000000 2306810.000000 1.000000
0.933522 763546.000000 2271347.000000 1.000000
0.940450 773334.000000 2283106.000000 1.000000
0.909115 746690.000000 2215915.000000 1.000000
0.943674 782168.000000 2255638.000000 1.000000
0.954445 771427.000000 2234525.000000 1.000000
0.940887 773558.000000 2227114.000000 1.000000
0.906535 773213.000000 2164967.000000 1.000000
0.897959 743103.000000 2131663.000000 1.000000
0.903945 756892.000000 2151916.000000 1.000000
0.914192 760553.000000 2144881.000000 1.000000
0.937943 779511.000000 2213422.000000 1.000000
0.935292 773424.000000 2166529.000000 1.000000
0.912987 781069.000000 2159919.000000 1.000000
0.947524 800469.000000 2182408.000000 1.000000
0.932044 789327.000000 2167226.000000 1.000000
0.920739 799850.000000 2158918.000000 1.000000
0.896526 789237.000000 2119012.000000 1.000000
0.937260 792620.000000 2118966.000000 1.000000
0.939448 802569.000000 2108572.000000 1.000000
0.907101 805392.000000 2067736.000000 1.000000
0.913755 817494.000000 2091251.000000 1.000000
0.907304 805248.000000 2053564.000000 1.000000
0.913000 805725.000000 2057808.000000 1.000000
0.900145 814725.000000 2044418.000000 1.000000
0.883818 804299.000000 2007188.000000 1.000000
0.878061 800976.000000 1964469.000000 1.000000
0.845578 782934.000000 1897255.000000 1.000000
0.843724 775401.000000 1868151.000000 1.000000
0.836352 776836.000000 1877068.000000 1.000000
0.871093 827422.000000 1929099.000000 1.000000
0.880621 836046.000000 1898006.000000 1.000000
0.852215 794682.000000 1852736.000000 1.000000
0.867333 804897.000000 1844836.000000 1.000000
0.887463 831553.000000 1881048.000000 1.000000
0.854714 813653.000000 1829809.000000 1.000000
0.845793 805818.000000 1778498.000000 1.000000
0.856037 826556.000000 1778977.000000 1.000000
0.852768 824395.000000 1762627.000000 1.000000
0.838654 817221.000000 1746211.000000 1.000000
0.841578 836042.000000 1734707.000000 1.000000
0.861478 831601.000000 1759698.000000 1.000000
0.860686 836706.000000 1746639.000000 1.000000
0.845186 833855.000000 1729461.000000 1.000000
0.859096 845042.000000 1726752.000000 1.000000
0.857785 849903.000000 1708361.000000 1.000000
0.871614 842167.000000 1726510.000000 1.000000
0.844335 829610.000000 1704588.000000 1.000000
0.857631 858523.000000 1692510.000000 1.000000
0.852647 844004.000000 1690847.000000 1.000000
0.861979 861656.000000 1684548.000000 1.000000
0.853356 841672.000000 1686104.000000 1.000000
0.862219 865406.000000 1677932.000000 1.000000
0.848378 843264.000000 1673277.000000 1.000000
0.842640 848542.000000 1664009.000000 1.000000
0.840435 847897.000000 1655271.000000 1.000000
0.843335 837549.000000 1659376.000000 1.000000
0.840845 846050.000000 1636945.000000 1.000000
0.811794 821375.000000 1606800.000000 1.000000
0.844052 846020.000000 1638542.000000 1.000000
0.834228 836226.000000 1641347.000000 1.000000
0.852717 867795.000000 1641424.000000 1.000000
0.838125 848719.000000 1626962.000000 1.000000
0.849986 871789.000000 1640571.000000 1.000000
0.821765 842847.000000 1610031.000000 1.000000
0.851870 877089.000000 1655138.000000 1.000000
0.822713 848993.000000 1601849.000000 1.000000
0.859630 888482.000000 1660139.000000 1.000000
0.834949 866186.000000 1629808.000000 1.000000
0.830824 862730.000000 1646538.000000 1.000000
0.840504 873598.000000 1647289.000000 1.000000
0.866003 895817.000000 1674451.000000 1.000000
0.857083 879669.000000 1663367.000000 1.000000
0.860607 889979.000000 1669962.000000 1.000000
0.824346 867507.000000 1651216.000000 1.000000
0.845857 886183.000000 1622815.000000 1.000000
0.848946 904194.000000 1654105.000000 1.000000
0.849126 906832.000000 1647205.000000 1.000000
0.846501 895517.000000 1684040.000000 1.000000
0.844067 881547.000000 1671794.000000 1.000000
0.845726 889463.000000 1677931.000000 1.000000
0.836832 886822.000000 1656145.000000 1.000000
0.844283 896186.000000 1650300.000000 1.000000
0.842940 891026.000000 1659470.000000 1.000000
0.849371 907945.000000 1648653.000000 1.000000
0.844548 910365.000000 1635251.000000 1.000000
0.843523 911423.000000 1641813.000000 1.000000
0.843167 909877.000000 1638534.000000 1.000000
0.847524 909654.000000 1653813.000000 1.000000
0.832014 892287.000000 1645248.000000 1.000000
0.822804 897719.000000 1629597.000000 1.000000
0.823427 895974.000000 1624193.000000 1.000000
0.838536 910536.000000 1645041.000000 1.000000
0.830070 902885.000000 1627909.000000 1.000000
0.835981 905615.000000 1648136.000000 1.000000
0.826320 892321.000000 1621812.000000 1.000000
0.821690 889299.000000 1626708.000000 1.000000
0.824990 882089.000000 1643630.000000 1.000000
0.826488 892701.000000 1642139.000000 1.000000
0.808705 871822.000000 1591943.000000 1.000000
0.804283 871978.000000 1607293.000000 1.000000
0.831107 889981.000000 1620022.000000 1.000000
0.833577 900933.000000 1628323.000000 1.000000
0.842407 913445.000000 1631962.000000 1.000000
0.825641 895930.000000 1629376.000000 1.000000
0.810801 882791.000000 1618511.000000 1.000000
0.808576 882001.000000 1610957.000000 1.000000
0.816054 891183.000000 1581709.000000 1.000000
0.819280 898255.000000 1626274.000000 1.000000
0.838863 913308.000000 1638916.000000 1.000000
0.824657 898290.000000 1640439.000000 1.000000
0.798352 887213.000000 1598674.000000 1.000000
0.830831 918328.000000 1599873.000000 1.000000
0.829605 914997.000000 1621373.000000 1.000000
0.818304 904245.000000 1616341.000000 1.000000
0.826219 899088.000000 1649931.000000 1.000000
0.807241 890532.000000 1634093.000000 1.000000
0.835319 903641.000000 1634034.000000 1.000000
0.808680 891324.000000 1622155.000000 1.000000
0.819521 894938.000000 1625392.000000 1.000000
0.832497 914766.000000 1630809.000000 1.000000
0.831739 915732.000000 1623102.000000 1.000000
0.831520 916934.000000 1624981.000000 1.000000
0.830803 905038.000000 1635925.000000 1.000000
0.820576 910649.000000 1609291.000000 1.000000
0.827456 915726.000000 1619755.000000 1.000000
0.827535 919214.000000 1606362.000000 1.000000
0.827732 915766.000000 1626163.000000 1.000000
0.785297 870082.000000 1588790.000000 1.000000
0.818376 905565.000000 1624074.000000 1.000000
0.823222 917339.000000 1622621.000000 1.000000
0.823832 918416.000000 1620987.000000 1.000000
0.811450 905761.000000 1618750.000000 1.000000
0.816724 909285.000000 1642277.000000 1.000000
0.791086 882703.000000 1612190.000000 1.000000
0.785896 884730.000000 1618064.000000 1.000000
0.798794 900906.000000 1615089.000000 1.000000
0.815936 919321.000000 1603541.000000 1.000000
0.820597 919446.000000 1630955.000000 1.000000
0.803857 907173.000000 1591051.000000 1.000000
0.812322 917049.000000 1619562.000000 1.000000
0.796304 904724.000000 1616357.000000 1.000000
0.784115 886140.000000 1575105.000000 1.000000
0.762287 860855.000000 1561498.000000 1.000000
0.772583 879839.000000 1567464.000000 1.000000
0.813055 921642.000000 1615883.000000 1.000000
0.812133 920723.000000 1597255.000000 1.000000
0.789028 898505.000000 1592878.000000 1.000000
0.787593 899441.000000 1591020.000000 1.000000
0.808536 926224.000000 1608617.000000 1.000000
0.793074 902349.000000 1588575.000000 1.000000
0.783338 888921.000000 1572248.000000 1.000000
0.782151 898331.000000 1578752.000000 1.000000
0.782035 896184.000000 1590433.000000 1.000000
0.795411 909698.000000 1595176.000000 1.000000
0.797743 908988.000000 1569919.000000 1.000000
0.782964 900509.000000 1583817.000000 1.000000
0.773818 890175.000000 1570395.000000 1.000000
0.790210 897816.000000 1554585.000000 1.000000
0.777083 882818.000000 1543279.000000 1.000000
0.790135 895237.000000 1549958.000000 1.000000
0.789535 895007.000000 1543398.000000 1.000000
0.791748 895594.000000 1548026.000000 1.000000
0.771024 880379.000000 1524291.000000 1.000000
0.774937 883856.000000 1529277.000000 1.000000
0.776025 884834.000000 1532240.000000 1.000000
0.797609 907453.000000 1525163.000000 1.000000
0.720779 822765.000000 1415063.000000 1.000000
0.704403 806437.000000 1353312.000000 1.000000
0.744508 846782.000000 1435824.000000 1.000000
0.707904 808816.000000 1365891.000000 1.000000
0.798856 908259.000000 1546442.000000 1.000000
0.816958 927547.000000 1565936.000000 1.000000
0.813434 930106.000000 1567331.000000 1.000000
0.815591 930300.000000 1568531.000000 1.000000
0.809417 930182.000000 1567163.000000 1.000000
0.810444 932270.000000 1567385.000000 1.000000
0.805960 932525.000000 1573607.000000 1.000000
0.802891 932827.000000 1563029.000000 1.000000
0.798773 928326.000000 1553645.000000 1.000000
0.791482 924955.000000 1550705.000000 1.000000
0.792319 929222.000000 1544422.000000 1.000000
0.800363 933182.000000 1574688.000000 1.000000
0.802198 933524.000000 1572497.000000 1.000000
0.802851 934033.000000 1567097.000000 1.000000
0.787708 919907.000000 1559815.000000 1.000000
0.776512 903873.000000 1546484.000000 1.000000
0.788449 918715.000000 1560576.000000 1.000000
0.801510 929953.000000 1599673.000000 1.000000
0.797790 928424.000000 1586913.000000 1.000000
0.790247 914680.000000 1593103.000000 1.000000
0.792769 916293.000000 1601768.000000 1.000000
0.801095 926678.000000 1603384.000000 1.000000
0.802705 927749.000000 1603859.000000 1.000000
0.800406 927281.000000 1604027.000000 1.000000
0.801511 926846.000000 1599816.000000 1.000000
0.800220 927816.000000 1601092.000000 1.000000
0.793612 930265.000000 1588081.000000 1.000000
0.795334 924218.000000 1599030.000000 1.000000
0.792431 929291.000000 1596406.000000 1.000000
0.792250 927707.000000 1606948.000000 1.000000
0.783731 919905.000000 1593245.000000 1.000000
0.757612 897671.000000 1569277.000000 1.000000
0.791119 926034.000000 1600229.000000 1.000000
0.790964 925617.000000 1589747.000000 1.000000
0.790506 926908.000000 1599978.000000 1.000000
0.787621 927504.000000 1595975.000000 1.000000
0.785646 926883.000000 1602358.000000 1.000000
0.785116 928938.000000 1597778.000000 1.000000
0.783718 929074.000000 1563391.000000 1.000000
0.785060 932202.000000 1556997.000000 1.000000
0.784762 932568.000000 1574785.000000 1.000000
0.782535 933956.000000 1567279.000000 1.000000
0.777836 931866.000000 1562745.000000 1.000000
0.782127 932150.000000 1574501.000000 1.000000
0.731436 891306.000000 1545812.000000 1.000000
0.759675 911346.000000 1564004.000000 1.000000
0.781112 930297.000000 1593865.000000 1.000000
0.775188 926818.000000 1596969.000000 1.000000
0.778601 928439.000000 1607936.000000 1.000000
0.777978 927914.000000 1618062.000000 1.000000
0.777126 927311.000000 1605089.000000 1.000000
0.774816 927163.000000 1621500.000000 1.000000
0.772837 925026.000000 1640314.000000 1.000000
0.771975 922865.000000 1670661.000000 1.000000
0.771688 920065.000000 1684788.000000 1.000000
0.772248 920177.000000 1676336.000000 1.000000
0.768834 915580.000000 1679452.000000 1.000000
0.769121 917459.000000 1667551.000000 1.000000
0.768934 913286.000000 1693620.000000 1.000000
0.770504 914639.000000 1702479.000000 1.000000
0.769881 911233.000000 1719646.000000 1.000000
0.764329 905983.000000 1685354.000000 1.000000
0.763527 904823.000000 1686456.000000 1.000000
0.770471 910517.000000 1713315.000000 1.000000
0.757465 891339.000000 1700868.000000 1.000000
0.762667 893596.000000 1721382.000000 1.000000
0.775280 901574.000000 1778865.000000 1.000000
0.779183 898863.000000 1790548.000000 1.000000
0.756855 870231.000000 1743023.000000 1.000000
0.779156 898286.000000 1795662.000000 1.000000
0.783338 898374.000000 1816718.000000 1.000000
0.779201 894358.000000 1827033.000000 1.000000
0.779189 894540.000000 1826691.000000 1.000000
0.778041 886854.000000 1837419.000000 1.000000
0.785215 891423.000000 1850834.000000 1.000000
0.779503 891288.000000 1835435.000000 1.000000
0.783014 891604.000000 1853956.000000 1.000000
0.783915 889649.000000 1854595.000000 1.000000
0.780721 886028.000000 1858786.000000 1.000000
0.782418 885771.000000 1863190.000000 1.000000
0.780726 881791.000000 1882934.000000 1.000000
0.779381 885589.000000 1882554.000000 1.000000
0.783141 885482.000000 1888206.000000 1.000000
0.781810 883926.000000 1901121.000000 1.000000
0.782924 879605.000000 1893480.000000 1.000000
0.780421 881488.000000 1895242.000000 1.000000
0.781038 884114.000000 1889280.000000 1.000000
0.781645 879927.000000 1900042.000000 1.000000
0.764887 861946.000000 1874479.000000 1.000000
0.743697 830493.000000 1833876.000000 1.000000
0.760873 850316.000000 1857034.000000 1.000000
0.766390 857119.000000 1874044.000000 1.000000
0.779912 879109.000000 1903913.000000 1.000000
0.785753 869520.000000 1957575.000000 1.000000
0.780792 867816.000000 1955418.000000 1.000000
0.784130 870277.000000 1947731.000000 1.000000
0.780843 868468.000000 1958122.000000 1.000000
0.789736 863551.000000 1995861.000000 1.000000
0.790402 867148.000000 1990044.000000 1.000000
0.786275 863195.000000 1995507.000000 1.000000
0.783133 862950.000000 2000925.000000 1.000000
0.790808 857819.000000 2042362.000000 1.000000
0.780236 843223.000000 2068229.000000 1.000000
0.783954 840665.000000 2071723.000000 1.000000
0.794921 846944.000000 2103226.000000 1.000000
0.789468 835702.000000 2133138.000000 1.000000
0.796879 841024.000000 2171913.000000 1.000000
0.788883 826563.000000 2200910.000000 1.000000
0.791744 826618.000000 2213740.000000 1.000000
0.800882 836218.000000 2204300.000000 1.000000
0.807118 827052.000000 2266712.000000 1.000000
0.797127 817525.000000 2245889.000000 1.000000
0.808311 814739.000000 2274360.000000 1.000000
0.813177 821851.000000 2259880.000000 1.000000
0.799051 820298.000000 2220575.000000 1.000000
0.816605 818246.000000 2303735.000000 1.000000
0.815630 804895.000000 2374518.000000 1.000000
0.816021 802892.000000 2448836.000000 1.000000
0.817067 791831.000000 2539894.000000 1.000000
0.807840 762333.000000 2568963.000000 1.000000
0.793479 729295.000000 2584263.000000 1.000000
0.752802 679852.000000 2505447.000000 1.000000
0.756937 667459.000000 2551632.000000 1.000000
0.837752 729337.000000 2879646.000000 1.000000
0.830990 706292.000000 2893855.000000 1.000000
0.872933 714098.000000 3130769.000000 1.000000
0.883915 691857.000000 3300850.000000 1.000000
0.902357 664530.000000 3559154.000000 1.000000
0.915400 642485.000000 3752638.000000 1.000000
0.929376 606053.000000 4017389.000000 1.000000
0.952815 574045.000000 4307143.000000 1.000000
0.903668 503259.000000 4277931.000000 1.000000
0.918478 478970.000000 4550639.000000 1.000000
0.986801 457686.000000 5189922.000000 1.000000
0.983448 411738.000000 5824498.000000 1.000000
0.962910 411307.000000 6298972.000000 1.000000
1.224779 161266.000000 3389949.000000 1.000000
0.820573 256765.000000 4982003.000000 1.000000
0.849871 235264.000000 4795318.000000 1.000000
0.950233 286787.000000 3928281.000000 1.000000
0.919937 255944.000000 4286307.000000 1.000000
0.910252 251579.000000 4271981.000000 1.000000
0.848907 189444.000000 5102189.000000 1.000000
0.832346 174899.000000 5276629.000000 1.000000
0.832998 155097.000000 5530046.000000 1.000000
0.843177 158681.000000 5455240.000000 1.000000
0.819675 133592.000000 5722996.000000 1.000000
0.792463 114918.000000 6028868.000000 1.000000
0.839533 147943.000000 5502712.000000 1.000000
1.075936 347943.000000 3794359.000000 1.000000
1.408818 500312.000000 2261413.000000 1.000000
1.557112 431591.000000 2473705.000000 1.000000
1.363552 419135.000000 2239154.000000 1.000000
1.551896 462869.000000 2427871.000000 1.000000
1.028495 247254.000000 2407277.000000 1.000000
1.120394 446970.000000 2049186.000000 1.000000
1.358185 541250.000000 2212927.000000 1.000000
1.221111 415523.000000 2381172.000000 1.000000
1.311260 574911.000000 2058411.000000 1.000000
1.340137 554300.000000 2299044.000000 1.000000
1.038223 282144.000000 2316099.000000 1.000000
0.573091 81447.000000 1976575.000000 1.000000
0.609390 188314.000000 1796209.000000 1.000000
1.075331 779599.000000 1612860.000000 1.000000
1.051519 679749.000000 1874303.000000 1.000000
1.081023 775638.000000 1615381.000000 1.000000
0.876198 388757.000000 2071981.000000 1.000000
1.101486 738629.000000 1795829.000000 1.000000
1.005501 696512.000000 1781386.000000 1.000000
0.931019 516818.000000 1957806.000000 1.000000
0.551090 87906.000000 1911634.000000 1.000000
1.026416 786877.000000 1559261.000000 1.000000
1.060944 664784.000000 1893890.000000 1.000000
0.997718 824090.000000 1517918.000000 1.000000
0.849241 380981.000000 2032047.000000 1.000000
1.096391 766911.000000 1641824.000000 1.000000
1.093134 645064.000000 2031682.000000 1.000000
0.926638 493445.000000 1965602.000000 1.000000
0.489836 14169.000000 1958027.000000 1.000000
0.417746 6275.000000 1633170.000000 1.000000
0.512860 6220.000000 1810156.000000 1.000000
0.321120 82918.000000 1418888.000000 1.000000
0.496423 186365.000000 1676675.000000 1.000000
0.555099 122517.000000 1663811.000000 1.000000
0.328917 9269.000000 1638378.000000 1.000000
0.244476 1.000000 1443125.000000 1.000000
0.317910 1.000000 1472028.000000 1.000000
0.296894 21019.000000 1232905.000000 1.000000
0.291634 64102.000000 1214232.000000 1.000000
0.371739 81284.000000 1541892.000000 1.000000
0.402889 102552.000000 1664343.000000 1.000000
0.397260 136143.000000 1686888.000000 1.000000
0.390987 137919.000000 1662040.000000 1.000000
0.414817 109200.000000 1637537.000000 1.000000
2.030332 133559.000000 2196343.000000 1.000000
2.144114 120173.000000 2568864.000000 1.000000
2.109835 104175.000000 2783174.000000 1.000000
2.029848 116473.000000 3140883.000000 1.000000
1.989636 136700.000000 3343109.000000 1.000000
1.924931 171680.000000 3318577.000000 1.000000
1.928167 161008.000000 3342593.000000 1.000000
1.773986 268641.000000 3103553.000000 1.000000
1.832760 231716.000000 3195760.000000 1.000000
1.744936 283737.000000 3035892.000000 1.000000
1.710220 307947.000000 2992907.000000 1.000000
1.831854 225002.000000 3213430.000000 1.000000
1.789064 243894.000000 3137085.000000 1.000000
1.641942 322509.000000 2901481.000000 1.000000
1.539811 387613.000000 2707768.000000 1.000000
1.442614 447681.000000 2536283.000000 1.000000
1.363324 491739.000000 2420122.000000 1.000000
1.313514 521828.000000 2348693.000000 1.000000
1.252020 555608.000000 2245246.000000 1.000000
1.176329 613622.000000 2070783.000000 1.000000
1.112776 662366.000000 1928238.000000 1.000000
1.059190 696436.000000 1829690.000000 1.000000
1.022640 720347.000000 1767017.000000 1.000000
0.979735 751988.000000 1669670.000000 1.000000
0.946514 782376.000000 1559929.000000 1.000000
0.913102 805503.000000 1502723.000000 1.000000
0.892918 822718.000000 1450122.000000 1.000000
0.883604 823458.000000 1446793.000000 1.000000
0.877234 831567.000000 1429312.000000 1.000000
0.859723 840748.000000 1403195.000000 1.000000
0.861299 881438.000000 1277957.000000 1.000000
0.876824 879952.000000 1298843.000000 1.000000
0.882325 866183.000000 1319853.000000 1.000000
0.879147 867389.000000 1318504.000000 1.000000
0.881377 848726.000000 1327704.000000 1.000000
0.893360 859709.000000 1332691.000000 1.000000
0.894258 864632.000000 1339742.000000 1.000000
0.884796 855178.000000 1368414.000000 1.000000
0.869985 841114.000000 1354361.000000 1.000000
0.876258 841713.000000 1371425.000000 1.000000
0.878409 848163.000000 1357576.000000 1.000000
0.897561 860772.000000 1374839.000000 1.000000
0.888687 853174.000000 1404643.000000 1.000000
0.882758 836903.000000 1461257.000000 1.000000
0.885927 831442.000000 1475858.000000 1.000000
0.899212 812702.000000 1513295.000000 1.000000
0.900445 827462.000000 1498115.000000 1.000000
0.902500 805839.000000 1551615.000000 1.000000
0.907521 798620.000000 1592730.000000 1.000000
0.911986 788597.000000 1640452.000000 1.000000
0.917002 802154.000000 1620035.000000 1.000000
0.921484 782618.000000 1684128.000000 1.000000
0.926037 773765.000000 1709347.000000 1.000000
0.925767 776872.000000 1730323.000000 1.000000
0.934178 780276.000000 1730594.000000 1.000000
0.930681 781528.000000 1698266.000000 1.000000
0.910530 817234.000000 1583914.000000 1.000000
0.929743 772877.000000 1715465.000000 1.000000
0.916097 776553.000000 1695106.000000 1.000000
0.894307 804840.000000 1629504.000000 1.000000
0.899900 795594.000000 1655111.000000 1.000000
0.914611 738439.000000 1785020.000000 1.000000
0.896026 812921.000000 1525125.000000 1.000000
0.910719 812698.000000 1546306.000000 1.000000
0.904644 813036.000000 1594219.000000 1.000000
0.887773 797684.000000 1584462.000000 1.000000
0.893264 785047.000000 1631728.000000 1.000000
0.898901 780475.000000 1656066.000000 1.000000
0.894507 782397.000000 1674681.000000 1.000000
0.910261 776799.000000 1738794.000000 1.000000
0.919843 765541.000000 1769092.000000 1.000000
0.921628 761919.000000 1780141.000000 1.000000
0.934342 735070.000000 1849453.000000 1.000000
0.914448 810735.000000 1592353.000000 1.000000
0.913848 789326.000000 1707527.000000 1.000000
0.918749 779647.000000 1749623.000000 1.000000
0.930253 763133.000000 1804455.000000 1.000000
0.945953 718455.000000 1913450.000000 1.000000
0.916279 743548.000000 1814355.000000 1.000000
0.897893 757718.000000 1769887.000000 1.000000
0.869005 844387.000000 1466357.000000 1.000000
0.868307 860419.000000 1429396.000000 1.000000
0.862033 857689.000000 1430684.000000 1.000000
0.845006 853461.000000 1454696.000000 1.000000
0.842711 858630.000000 1453162.000000 1.000000
0.843659 856963.000000 1471085.000000 1.000000
0.846024 837317.000000 1510793.000000 1.000000
0.856357 819884.000000 1582660.000000 1.000000
0.864183 791613.000000 1666282.000000 1.000000
0.883403 774212.000000 1729864.000000 1.000000
0.880186 825293.000000 1575852.000000 1.000000
0.881994 820550.000000 1613259.000000 1.000000
0.893223 782768.000000 1719697.000000 1.000000
0.890490 784149.000000 1661375.000000 1.000000
0.890534 836190.000000 1525859.000000 1.000000
0.882810 836216.000000 1540447.000000 1.000000
0.879623 823825.000000 1584648.000000 1.000000
0.880425 821195.000000 1597406.000000 1.000000
0.881450 820294.000000 1599859.000000 1.000000
0.879106 820012.000000 1603293.000000 1.000000
0.878914 814774.000000 1624770.000000 1.000000
0.902806 757091.000000 1788504.000000 1.000000
0.894660 794746.000000 1675450.000000 1.000000
0.887893 816568.000000 1625371.000000 1.000000
0.890074 808934.000000 1641483.000000 1.000000
0.883971 809567.000000 1640955.000000 1.000000
0.880376 809516.000000 1645528.000000 1.000000
0.879514 820858.000000 1612539.000000 1.000000
0.887158 794544.000000 1692841.000000 1.000000
0.890674 774575.000000 1731485.000000 1.000000
0.887257 825175.000000 1602568.000000 1.000000
0.887170 818288.000000 1625302.000000 1.000000
0.879496 806558.000000 1659091.000000 1.000000
0.892489 781111.000000 1730321.000000 1.000000
0.925178 699086.000000 1915375.000000 1.000000
0.900901 768847.000000 1722130.000000 1.000000
0.882386 817854.000000 1595991.000000 1.000000
0.867895 813674.000000 1628610.000000 1.000000
0.878391 785601.000000 1728646.000000 1.000000
0.900728 746407.000000 1833128.000000 1.000000
0.904332 741591.000000 1838672.000000 1.000000
0.894317 755360.000000 1801033.000000 1.000000
0.886315 762230.000000 1774974.000000 1.000000
0.878323 770320.000000 1757321.000000 1.000000
0.873552 771169.000000 1745677.000000 1.000000
0.860258 792517.000000 1688459.000000 1.000000
0.856355 809383.000000 1630339.000000 1.000000
0.854277 814086.000000 1595692.000000 1.000000
0.850876 817518.000000 1591909.000000 1.000000
0.845128 843130.000000 1486421.000000 1.000000
0.832623 858122.000000 1467581.000000 1.000000
0.821324 863339.000000 1447149.000000 1.000000
0.826072 858256.000000 1475615.000000 1.000000
0.825670 854525.000000 1490846.000000 1.000000
0.828480 848129.000000 1514685.000000 1.000000
0.831431 835468.000000 1556565.000000 1.000000
0.825971 813992.000000 1577854.000000 1.000000
0.856712 774419.000000 1741192.000000 1.000000
0.863798 801709.000000 1658525.000000 1.000000
0.872950 828294.000000 1595485.000000 1.000000
0.858673 829108.000000 1557286.000000 1.000000
0.850254 838249.000000 1582406.000000 1.000000
0.850379 836650.000000 1584937.000000 1.000000
0.852255 818266.000000 1621580.000000 1.000000
0.859455 818578.000000 1642136.000000 1.000000
0.867190 797470.000000 1702426.000000 1.000000
0.858630 791959.000000 1717578.000000 1.000000
0.853136 791065.000000 1702239.000000 1.000000
0.869234 828908.000000 1593914.000000 1.000000
0.871850 829673.000000 1588168.000000 1.000000
0.870949 831981.000000 1583319.000000 1.000000
0.866309 841026.000000 1559951.000000 1.000000
0.860820 842435.000000 1556328.000000 1.000000
0.848197 833168.000000 1603826.000000 1.000000
0.848601 825671.000000 1622693.000000 1.000000
0.855641 808961.000000 1684576.000000 1.000000
0.866621 778315.000000 1769896.000000 1.000000
0.875370 765277.000000 1817357.000000 1.000000
0.878553 752434.000000 1855833.000000 1.000000
0.890135 788865.000000 1726473.000000 1.000000
0.880336 806465.000000 1669704.000000 1.000000
0.868624 814012.000000 1656148.000000 1.000000
0.863618 814282.000000 1655190.000000 1.000000
0.857905 813652.000000 1642787.000000 1.000000
0.854007 805073.000000 1670874.000000 1.000000
0.854919 782878.000000 1713583.000000 1.000000
0.879294 804915.000000 1661840.000000 1.000000
0.879406 807720.000000 1656446.000000 1.000000
0.871640 809184.000000 1652559.000000 1.000000
0.866399 801592.000000 1676937.000000 1.000000
0.873450 774580.000000 1736068.000000 1.000000
0.900293 786456.000000 1731097.000000 1.000000
0.883913 798405.000000 1721543.000000 1.000000
0.875083 798894.000000 1684374.000000 1.000000
0.869716 791461.000000 1707432.000000 1.000000
0.870824 753664.000000 1793779.000000 1.000000
0.880032 799763.000000 1677954.000000 1.000000
0.879739 804656.000000 1669469.000000 1.000000
0.877000 805400.000000 1665542.000000 1.000000
0.873333 806317.000000 1665962.000000 1.000000
0.869391 798294.000000 1694261.000000 1.000000
0.877098 786108.000000 1718947.000000 1.000000
0.878110 764907.000000 1741528.000000 1.000000
0.886015 772173.000000 1762118.000000 1.000000
0.885138 756227.000000 1852823.000000 1.000000
0.890038 751923.000000 1811381.000000 1.000000
0.902160 787786.000000 1727091.000000 1.000000
0.892206 791912.000000 1718960.000000 1.000000
0.882542 800214.000000 1694003.000000 1.000000
0.893184 787040.000000 1724941.000000 1.000000
0.891266 791475.000000 1716201.000000 1.000000
0.895663 784086.000000 1734655.000000 1.000000
0.896274 727758.000000 1914500.000000 1.000000
0.926936 730210.000000 1919016.000000 1.000000
0.923323 753577.000000 1845818.000000 1.000000
0.927250 761099.000000 1832606.000000 1.000000
0.917679 767117.000000 1810346.000000 1.000000
0.895129 757553.000000 1809686.000000 1.000000
0.908748 770113.000000 1784856.000000 1.000000
0.914954 767504.000000 1796026.000000 1.000000
0.910595 761140.000000 1821371.000000 1.000000
0.911718 760757.000000 1812378.000000 1.000000
0.920836 764385.000000 1807638.000000 1.000000
0.917834 752175.000000 1848692.000000 1.000000
0.907782 719420.000000 1905853.000000 1.000000
0.922187 735518.000000 1881083.000000 1.000000
0.923766 754844.000000 1840217.000000 1.000000
0.918497 762507.000000 1803971.000000 1.000000
0.904862 745838.000000 1846026.000000 1.000000
0.908426 690719.000000 2010263.000000 1.000000
0.930281 691857.000000 2011291.000000 1.000000
0.941797 701590.000000 1965514.000000 1.000000
0.948752 717185.000000 1930611.000000 1.000000
0.961005 718547.000000 1927661.000000 1.000000
0.958148 716193.000000 1935548.000000 1.000000
0.950431 714540.000000 1925661.000000 1.000000
0.911441 710366.000000 1954747.000000 1.000000
0.927571 761949.000000 1813789.000000 1.000000
0.931133 737259.000000 1871977.000000 1.000000
0.914200 663103.000000 2118472.000000 1.000000
0.923775 707805.000000 1950926.000000 1.000000
0.930135 742628.000000 1858973.000000 1.000000
0.941952 755451.000000 1821037.000000 1.000000
0.924462 743679.000000 1861787.000000 1.000000
0.919292 663174.000000 2129059.000000 1.000000
0.982270 682072.000000 2038716.000000 1.000000
0.986578 683141.000000 2025960.000000 1.000000
0.962608 630375.000000 2192893.000000 1.000000
0.986280 637448.000000 2181382.000000 1.000000
0.997658 638324.000000 2165804.000000 1.000000
1.022463 628310.000000 2189265.000000 1.000000
1.033930 628136.000000 2175429.000000 1.000000
1.037662 629191.000000 2178729.000000 1.000000
1.024251 611041.000000 2225080.000000 1.000000
0.985805 681638.000000 2061272.000000 1.000000
1.000471 688204.000000 2029310.000000 1.000000
0.937273 611475.000000 2250722.000000 1.000000
0.984139 695990.000000 1970426.000000 1.000000
0.974915 727113.000000 1893887.000000 1.000000
0.984605 704078.000000 1964303.000000 1.000000
0.949855 638608.000000 2189676.000000 1.000000
0.962350 497938.000000 2668309.000000 1.000000
0.981255 525260.000000 2579495.000000 1.000000
0.998049 540047.000000 2515840.000000 1.000000
1.059335 560764.000000 2385365.000000 1.000000
0.955343 488578.000000 2528614.000000 1.000000
0.976020 517267.000000 2560843.000000 1.000000
1.026087 497235.000000 2697290.000000 1.000000
0.989446 502041.000000 2604736.000000 1.000000
0.982091 503615.000000 2644157.000000 1.000000
1.032627 515183.000000 2605813.000000 1.000000
1.049861 530471.000000 2535144.000000 1.000000
1.034529 497555.000000 2681849.000000 1.000000
1.000535 445167.000000 2965238.000000 1.000000
0.893445 386126.000000 3247151.000000 1.000000
0.977914 463611.000000 2909260.000000 1.000000
1.027486 466247.000000 2810837.000000 1.000000
1.082243 451255.000000 2855531.000000 1.000000
1.086175 431551.000000 2932433.000000 1.000000
0.905653 395213.000000 3164273.000000 1.000000
0.873407 422187.000000 3077605.000000 1.000000
0.813583 360836.000000 3393561.000000 1.000000
0.792390 351996.000000 3489649.000000 1.000000
0.711347 349609.000000 3731288.000000 1.000000
0.730611 346705.000000 3705109.000000 1.000000
0.691452 351017.000000 3752831.000000 1.000000
0.643561 344807.000000 4002959.000000 1.000000
0.637443 350115.000000 3972571.000000 1.000000
0.643319 351376.000000 4007894.000000 1.000000
0.643428 345304.000000 4006601.000000 1.000000
0.630451 350829.000000 3927501.000000 1.000000
0.639578 344048.000000 3982655.000000 1.000000
0.629102 342835.000000 3919874.000000 1.000000
0.632514 347760.000000 3941246.000000 1.000000
0.731503 181176.000000 4427445.000000 1.000000
0.723159 1123.000000 4076731.000000 1.000000
0.292987 1378.000000 773872.000000 1.000000
0.288709 1507.000000 725055.000000 1.000000
0.291413 2659.000000 749798.000000 1.000000
0.292483 1915.000000 834046.000000 1.000000
0.291443 1768.000000 825558.000000 1.000000
0.291568 1673.000000 825744.000000 1.000000
0.291762 1513.000000 827470.000000 1.000000
0.477264 5374.000000 2273049.000000 1.000000
1.518124 2760.000000 1325566.000000 1.000000
0.787195 23145.000000 8015661.000000 1.000000
0.741049 9421.000000 7206765.000000 1.000000
0.741981 7695.000000 7222468.000000 1.000000
0.744200 7501.000000 7225004.000000 1.000000
0.748879 7490.000000 7240058.000000 1.000000
0.753838 6544.000000 7253714.000000 1.000000
0.759417 6341.000000 7255496.000000 1.000000
0.763879 3766.000000 7260617.000000 1.000000
time: 6.628217
