2.868034 76685.000000 132088.000000 1.000000
2.398740 115080.000000 1364459.000000 1.000000
1.829519 216404.000000 4604769.000000 1.000000
1.793365 248429.000000 4518481.000000 1.000000
1.705577 310377.000000 4244560.000000 1.000000
1.638063 358993.000000 4027284.000000 1.000000
1.534836 441021.000000 3647236.000000 1.000000
1.577913 391969.000000 3904980.000000 1.000000
1.623630 360704.000000 4123139.000000 1.000000
1.434165 363458.000000 4017494.000000 1.000000
1.434007 414628.000000 4175644.000000 1.000000
1.439119 435122.000000 4019323.000000 1.000000
1.362541 484406.000000 3782690.000000 1.000000
1.184070 432414.000000 3159080.000000 1.000000
1.184273 477278.000000 3228228.000000 1.000000
1.301169 530857.000000 3385841.000000 1.000000
1.236406 556931.000000 3161145.000000 1.000000
1.215303 599604.000000 3022002.000000 1.000000
1.219284 625810.000000 2914691.000000 1.000000
1.163681 658318.000000 2894023.000000 1.000000
1.169505 661662.000000 2848487.000000 1.000000
1.160631 681053.000000 2738698.000000 1.000000
1.136394 681857.000000 2670273.000000 1.000000
1.114708 702544.000000 2646414.000000 1.000000
1.131238 699861.000000 2603814.000000 1.000000
1.089913 725320.000000 2538299.000000 1.000000
1.099412 716388.000000 2515353.000000 1.000000
1.066078 734434.000000 2529640.000000 1.000000
1.126982 710520.000000 2499862.000000 1.000000
1.064374 737044.000000 2432163.000000 1.000000
1.060389 746639.000000 2414489.000000 1.000000
1.054697 747674.000000 2464366.000000 1.000000
1.094328 729863.000000 2490421.000000 1.000000
1.070115 734798.000000 2445655.000000 1.000000
1.056993 750438.000000 2466236.000000 1.000000
1.080208 729812.000000 2464472.000000 1.000000
1.063874 737215.000000 2462264.000000 1.000000
1.068905 728690.000000 2431401.000000 1.000000
1.063687 741151.000000 2415112.000000 1.000000
1.066947 734109.000000 2377939.000000 1.000000
1.029419 760354.000000 2372947.000000 1.000000
1.030572 756110.000000 2464966.000000 1.000000
1.069474 727279.000000 2487538.000000 1.000000
1.052171 739846.000000 2473747.000000 1.000000
1.051624 742778.000000 2456146.000000 1.000000
1.034159 756208.000000 2445524.000000 1.000000
1.048935 743111.000000 2447962.000000 1.000000
1.008556 709040.000000 2326761.000000 1.000000
1.038578 743208.000000 2391268.000000 1.000000
1.010095 766039.000000 2365263.000000 1.000000
1.025971 746691.000000 2402184.000000 1.000000
1.031513 748579.000000 2380049.000000 1.000000
1.023785 742876.000000 2316341.000000 1.000000
1.064159 758471.000000 2201650.000000 1.000000
1.111094 741658.000000 2383632.000000 1.000000
1.112710 747728.000000 2342588.000000 1.000000
1.092974 745921.000000 2333199.000000 1.000000
1.043179 769168.000000 2285884.000000 1.000000
0.982180 785279.000000 2292839.000000 1.000000
0.986439 787134.000000 2334300.000000 1.000000
0.985113 785907.000000 2359795.000000 1.000000
0.985798 785438.000000 2370225.000000 1.000000
0.989007 763447.000000 2409661.000000 1.000000
1.001314 765719.000000 2424964.000000 1.000000
1.000701 760915.000000 2384680.000000 1.000000
0.978432 768338.000000 2382106.000000 1.000000
0.978734 778605.000000 2377179.000000 1.000000
0.975483 754596.000000 2364065.000000 1.000000
0.965526 759347.000000 2330748.000000 1.000000
0.960323 773335.000000 2328773.000000 1.000000
0.949014 746534.000000 2296299.000000 1.000000
0.999424 748695.000000 2307296.000000 1.000000
0.982015 773087.000000 2321886.000000 1.000000
0.999052 766648.000000 2321977.000000 1.000000
0.970684 768818.000000 2273502.000000 1.000000
0.952824 779140.000000 2248955.000000 1.000000
1.016550 768584.000000 2247699.000000 1.000000
1.009516 763230.000000 2284701.000000 1.000000
0.915414 750842.000000 2190839.000000 1.000000
0.953347 792533.000000 2305803.000000 1.000000
0.958073 780828.000000 2317045.000000 1.000000
0.947641 783106.000000 2300033.000000 1.000000
0.920182 764861.000000 2266653.000000 1.000000
0.966170 783297.000000 2274679.000000 1.000000
0.952662 787192.000000 2254913.000000 1.000000
0.946674 759611.000000 2218259.000000 1.000000
0.937636 792118.000000 2224032.000000 1.000000
0.922534 773957.000000 2195599.000000 1.000000
0.944939 785294.000000 2229373.000000 1.000000
0.930922 791020.000000 2211645.000000 1.000000
0.958167 791109.000000 2240333.000000 1.000000
0.963483 785313.000000 2216312.000000 1.000000
0.916749 796821.000000 2178155.000000 1.000000
0.955212 795258.000000 2181738.000000 1.000000
0.921113 787573.000000 2138629.000000 1.000000
0.929649 804641.000000 2168806.000000 1.000000
0.911611 797721.000000 2138408.000000 1.000000
0.943295 796808.000000 2132717.000000 1.000000
0.936265 796106.000000 2101183.000000 1.000000
0.921358 818346.000000 2088926.000000 1.000000
0.914412 818137.000000 2086656.000000 1.000000
0.916140 824675.000000 2065275.000000 1.000000
0.916142 816410.000000 2062988.000000 1.000000
0.913996 823682.000000 2065453.000000 1.000000
0.893055 811143.000000 2021363.000000 1.000000
0.911412 829640.000000 2026512.000000 1.000000
0.885845 821808.000000 1989269.000000 1.000000
0.899073 820900.000000 1987582.000000 1.000000
0.871214 813827.000000 1950234.000000 1.000000
0.878333 835604.000000 1928233.000000 1.000000
0.849995 803028.000000 1834954.000000 1.000000
0.851703 788983.000000 1823524.000000 1.000000
0.849225 789238.000000 1808086.000000 1.000000
0.886767 834073.000000 1877683.000000 1.000000
0.867213 824391.000000 1851923.000000 1.000000
0.882722 843549.000000 1851455.000000 1.000000
0.888247 856448.000000 1850474.000000 1.000000
0.883833 847826.000000 1815317.000000 1.000000
0.868532 853203.000000 1802377.000000 1.000000
0.870161 863816.000000 1790098.000000 1.000000
0.887953 857256.000000 1814695.000000 1.000000
0.882746 855484.000000 1787952.000000 1.000000
0.878636 862357.000000 1781228.000000 1.000000
0.887889 884660.000000 1771561.000000 1.000000
0.899657 870207.000000 1783443.000000 1.000000
0.870310 859706.000000 1758537.000000 1.000000
0.888576 881381.000000 1753608.000000 1.000000
0.888377 878767.000000 1734360.000000 1.000000
0.875438 880715.000000 1730033.000000 1.000000
0.884486 870004.000000 1732733.000000 1.000000
0.877496 882707.000000 1714584.000000 1.000000
0.885513 875565.000000 1720924.000000 1.000000
0.874209 886394.000000 1718911.000000 1.000000
0.872635 877928.000000 1726818.000000 1.000000
0.879567 875732.000000 1731416.000000 1.000000
0.882027 888977.000000 1705398.000000 1.000000
0.864340 866694.000000 1712398.000000 1.000000
0.879065 882751.000000 1705170.000000 1.000000
0.870549 871662.000000 1694704.000000 1.000000
0.876019 890668.000000 1693047.000000 1.000000
0.869004 880186.000000 1686506.000000 1.000000
0.874925 895325.000000 1680640.000000 1.000000
0.861391 881640.000000 1684350.000000 1.000000
0.857039 883920.000000 1647643.000000 1.000000
0.857442 882683.000000 1674300.000000 1.000000
0.866907 900412.000000 1670445.000000 1.000000
0.863384 892380.000000 1672772.000000 1.000000
0.822954 853814.000000 1635275.000000 1.000000
0.856597 879221.000000 1678131.000000 1.000000
0.868689 899106.000000 1675471.000000 1.000000
0.865145 882136.000000 1666015.000000 1.000000
0.848002 884039.000000 1656117.000000 1.000000
0.847158 879896.000000 1654193.000000 1.000000
0.850140 900625.000000 1642942.000000 1.000000
0.845842 902947.000000 1644811.000000 1.000000
0.848534 904963.000000 1655549.000000 1.000000
0.857462 894766.000000 1679057.000000 1.000000
0.838219 881220.000000 1673675.000000 1.000000
0.845874 887361.000000 1674324.000000 1.000000
0.839369 886350.000000 1647569.000000 1.000000
0.843477 902050.000000 1645227.000000 1.000000
0.847131 892482.000000 1662618.000000 1.000000
0.848060 910539.000000 1635370.000000 1.000000
0.845630 911300.000000 1630367.000000 1.000000
0.844040 909929.000000 1640672.000000 1.000000
0.843550 911236.000000 1643903.000000 1.000000
0.849245 909203.000000 1643584.000000 1.000000
0.815976 884125.000000 1625726.000000 1.000000
0.839994 911350.000000 1632381.000000 1.000000
0.827999 897723.000000 1637509.000000 1.000000
0.841150 914067.000000 1634591.000000 1.000000
0.839697 914009.000000 1641252.000000 1.000000
0.844871 911554.000000 1659870.000000 1.000000
0.844756 912498.000000 1654195.000000 1.000000
0.840818 898723.000000 1652368.000000 1.000000
0.820589 886747.000000 1632158.000000 1.000000
0.830358 895850.000000 1650134.000000 1.000000
0.827001 894483.000000 1625426.000000 1.000000
0.828175 894237.000000 1635576.000000 1.000000
0.834234 894117.000000 1627332.000000 1.000000
0.836600 906241.000000 1628095.000000 1.000000
0.820740 891013.000000 1595188.000000 1.000000
0.825132 892761.000000 1620853.000000 1.000000
0.802123 879114.000000 1604103.000000 1.000000
0.818162 891670.000000 1611279.000000 1.000000
0.824079 900612.000000 1605542.000000 1.000000
0.830023 906931.000000 1630847.000000 1.000000
0.838253 913104.000000 1637773.000000 1.000000
0.807545 884384.000000 1619000.000000 1.000000
0.814136 901778.000000 1586933.000000 1.000000
0.824406 912322.000000 1588670.000000 1.000000
0.820676 904851.000000 1598327.000000 1.000000
0.816963 901251.000000 1629975.000000 1.000000
0.815861 892572.000000 1632045.000000 1.000000
0.831521 909768.000000 1634002.000000 1.000000
0.828512 900292.000000 1632227.000000 1.000000
0.815229 894224.000000 1626824.000000 1.000000
0.824081 906964.000000 1613652.000000 1.000000
0.834211 917710.000000 1619142.000000 1.000000
0.825259 911566.000000 1605235.000000 1.000000
0.831232 913835.000000 1621476.000000 1.000000
0.820950 898801.000000 1617947.000000 1.000000
0.827180 918712.000000 1597201.000000 1.000000
0.830064 918242.000000 1622751.000000 1.000000
0.826049 918831.000000 1602887.000000 1.000000
0.824417 915281.000000 1619751.000000 1.000000
0.805754 889780.000000 1619657.000000 1.000000
0.828017 921252.000000 1620573.000000 1.000000
0.823609 918223.000000 1616387.000000 1.000000
0.826792 921390.000000 1626322.000000 1.000000
0.805723 903145.000000 1619904.000000 1.000000
0.802374 893997.000000 1629943.000000 1.000000
0.800558 891583.000000 1622568.000000 1.000000
0.789405 890253.000000 1614134.000000 1.000000
0.818306 922995.000000 1613853.000000 1.000000
0.821855 924123.000000 1618061.000000 1.000000
0.799920 900112.000000 1570272.000000 1.000000
0.814295 916321.000000 1615513.000000 1.000000
0.812677 921704.000000 1612369.000000 1.000000
0.784371 890657.000000 1604875.000000 1.000000
0.809113 911967.000000 1616670.000000 1.000000
0.776027 879722.000000 1600836.000000 1.000000
0.814216 925607.000000 1613540.000000 1.000000
0.811875 923992.000000 1600151.000000 1.000000
0.792078 902022.000000 1587795.000000 1.000000
0.781001 889010.000000 1564156.000000 1.000000
0.797423 913480.000000 1587111.000000 1.000000
0.814090 925427.000000 1604549.000000 1.000000
0.766011 875899.000000 1545686.000000 1.000000
0.758214 865959.000000 1538202.000000 1.000000
0.787608 897992.000000 1575865.000000 1.000000
0.775847 892204.000000 1574549.000000 1.000000
0.806934 917234.000000 1596769.000000 1.000000
0.796520 909121.000000 1574994.000000 1.000000
0.783521 898948.000000 1578160.000000 1.000000
0.776323 891489.000000 1567179.000000 1.000000
0.797886 908414.000000 1583249.000000 1.000000
0.821136 925526.000000 1591733.000000 1.000000
0.809259 916060.000000 1581684.000000 1.000000
0.801658 911490.000000 1579650.000000 1.000000
0.791371 902960.000000 1568044.000000 1.000000
0.813916 921582.000000 1576699.000000 1.000000
0.779550 893580.000000 1560773.000000 1.000000
0.819497 931115.000000 1555931.000000 1.000000
0.811754 921711.000000 1566516.000000 1.000000
0.802339 921471.000000 1548854.000000 1.000000
0.812996 927116.000000 1561866.000000 1.000000
0.813291 929213.000000 1571180.000000 1.000000
0.819098 926800.000000 1580386.000000 1.000000
0.814352 926899.000000 1553851.000000 1.000000
0.812200 930329.000000 1561066.000000 1.000000
0.814983 928020.000000 1568498.000000 1.000000
0.808602 931737.000000 1559763.000000 1.000000
0.810502 933100.000000 1573011.000000 1.000000
0.804126 931961.000000 1569706.000000 1.000000
0.804875 934605.000000 1555097.000000 1.000000
0.802151 935813.000000 1554349.000000 1.000000
0.798486 935272.000000 1558980.000000 1.000000
0.798457 934463.000000 1553968.000000 1.000000
0.801754 935434.000000 1561241.000000 1.000000
0.802472 934273.000000 1572430.000000 1.000000
0.801128 931815.000000 1568881.000000 1.000000
0.797852 929878.000000 1574687.000000 1.000000
0.796238 930500.000000 1577502.000000 1.000000
0.799861 931384.000000 1592316.000000 1.000000
0.800646 932507.000000 1585398.000000 1.000000
0.800322 928366.000000 1591145.000000 1.000000
0.780614 904733.000000 1582237.000000 1.000000
0.789394 910948.000000 1567299.000000 1.000000
0.793779 919463.000000 1592596.000000 1.000000
0.801513 924551.000000 1595585.000000 1.000000
0.799017 928217.000000 1588330.000000 1.000000
0.799813 927093.000000 1599600.000000 1.000000
0.797098 926231.000000 1594780.000000 1.000000
0.792234 932100.000000 1578430.000000 1.000000
0.796249 928210.000000 1604015.000000 1.000000
0.790633 930512.000000 1591120.000000 1.000000
0.788786 925271.000000 1586476.000000 1.000000
0.769572 911116.000000 1572125.000000 1.000000
0.770006 909225.000000 1575854.000000 1.000000
0.790215 929886.000000 1584259.000000 1.000000
0.787602 923887.000000 1584084.000000 1.000000
0.787934 928500.000000 1590908.000000 1.000000
0.784269 926500.000000 1594980.000000 1.000000
0.778565 921828.000000 1582891.000000 1.000000
0.771615 915663.000000 1550750.000000 1.000000
0.782487 932174.000000 1556621.000000 1.000000
0.783434 934536.000000 1550020.000000 1.000000
0.782142 935070.000000 1556240.000000 1.000000
0.780477 932316.000000 1559485.000000 1.000000
0.776794 936744.000000 1562125.000000 1.000000
0.771937 925257.000000 1567355.000000 1.000000
0.729592 891227.000000 1536274.000000 1.000000
0.769442 924056.000000 1567768.000000 1.000000
0.778391 934156.000000 1580012.000000 1.000000
0.776912 932131.000000 1597555.000000 1.000000
0.776737 928996.000000 1600832.000000 1.000000
0.776194 930957.000000 1604033.000000 1.000000
0.774268 929878.000000 1602221.000000 1.000000
0.775080 931995.000000 1619799.000000 1.000000
0.771477 928375.000000 1633146.000000 1.000000
0.770960 926289.000000 1670248.000000 1.000000
0.771277 922356.000000 1677397.000000 1.000000
0.770614 923496.000000 1673048.000000 1.000000
0.769299 922098.000000 1662746.000000 1.000000
0.771980 923988.000000 1678312.000000 1.000000
0.770108 919371.000000 1686519.000000 1.000000
0.769709 917678.000000 1701744.000000 1.000000
0.771055 914844.000000 1713939.000000 1.000000
0.772288 918184.000000 1703822.000000 1.000000
0.772658 919327.000000 1704969.000000 1.000000
0.771569 918438.000000 1719576.000000 1.000000
0.771480 909817.000000 1739650.000000 1.000000
0.775581 912482.000000 1754245.000000 1.000000
0.775094 907220.000000 1774015.000000 1.000000
0.775626 901587.000000 1781272.000000 1.000000
0.776664 901115.000000 1790316.000000 1.000000
0.777042 902924.000000 1791575.000000 1.000000
0.781308 902842.000000 1811837.000000 1.000000
0.778096 900339.000000 1818420.000000 1.000000
0.777169 899017.000000 1826268.000000 1.000000
0.781011 897846.000000 1837011.000000 1.000000
0.780735 897429.000000 1842938.000000 1.000000
0.775665 895924.000000 1824869.000000 1.000000
0.780992 895743.000000 1844763.000000 1.000000
0.780015 894926.000000 1835526.000000 1.000000
0.781076 892530.000000 1862853.000000 1.000000
0.778964 890309.000000 1855476.000000 1.000000
0.780541 892304.000000 1868478.000000 1.000000
0.777260 888771.000000 1879930.000000 1.000000
0.780734 893910.000000 1877489.000000 1.000000
0.781721 890779.000000 1881072.000000 1.000000
0.782725 889734.000000 1888011.000000 1.000000
0.779048 890093.000000 1886710.000000 1.000000
0.782454 890459.000000 1893053.000000 1.000000
0.779153 885422.000000 1887779.000000 1.000000
0.779357 885463.000000 1906136.000000 1.000000
0.783484 882962.000000 1925960.000000 1.000000
0.783111 884586.000000 1907964.000000 1.000000
0.778750 883701.000000 1895854.000000 1.000000
0.781106 885668.000000 1902131.000000 1.000000
0.783126 873719.000000 1957149.000000 1.000000
0.780918 876935.000000 1948272.000000 1.000000
0.783475 881381.000000 1935960.000000 1.000000
0.784756 875932.000000 1964735.000000 1.000000
0.791994 874214.000000 1984730.000000 1.000000
0.784759 873348.000000 1970906.000000 1.000000
0.787717 870309.000000 1996940.000000 1.000000
0.785759 870980.000000 2002639.000000 1.000000
0.789327 861639.000000 2046209.000000 1.000000
0.786566 855347.000000 2073849.000000 1.000000
0.796130 856934.000000 2098694.000000 1.000000
0.796014 854470.000000 2106931.000000 1.000000
0.799713 849778.000000 2159209.000000 1.000000
0.763116 811569.000000 2092391.000000 1.000000
0.773027 816243.000000 2139574.000000 1.000000
0.750136 786643.000000 2076172.000000 1.000000
0.756487 793028.000000 2069670.000000 1.000000
0.767425 784659.000000 2160285.000000 1.000000
0.802767 825672.000000 2246515.000000 1.000000
0.814893 820130.000000 2271471.000000 1.000000
0.815760 827405.000000 2257845.000000 1.000000
0.806392 829009.000000 2220813.000000 1.000000
0.821119 822628.000000 2325402.000000 1.000000
0.826049 815466.000000 2389500.000000 1.000000
0.826296 809941.000000 2483958.000000 1.000000
0.832677 804067.000000 2579943.000000 1.000000
0.837826 787070.000000 2653340.000000 1.000000
0.845220 772542.000000 2765899.000000 1.000000
0.852462 762464.000000 2842105.000000 1.000000
0.862740 755132.000000 2920126.000000 1.000000
0.867982 752293.000000 2977849.000000 1.000000
0.884663 732656.000000 3119184.000000 1.000000
0.891773 715090.000000 3250566.000000 1.000000
0.913198 690145.000000 3505312.000000 1.000000
0.930994 661404.000000 3746225.000000 1.000000
0.945488 633693.000000 3995447.000000 1.000000
0.955497 596947.000000 4247114.000000 1.000000
0.988946 561695.000000 4605330.000000 1.000000
0.997399 532198.000000 4891369.000000 1.000000
1.017609 490099.000000 5286811.000000 1.000000
1.025820 434344.000000 5976197.000000 1.000000
0.988854 433997.000000 6456743.000000 1.000000
1.242953 163035.000000 3513539.000000 1.000000
0.853038 262959.000000 5183710.000000 1.000000
0.882700 243429.000000 4910449.000000 1.000000
0.979538 297227.000000 3908877.000000 1.000000
0.939946 258541.000000 4441342.000000 1.000000
0.924936 241167.000000 4636086.000000 1.000000
0.884751 197307.000000 5306547.000000 1.000000
0.869833 174363.000000 5614340.000000 1.000000
0.872186 156993.000000 5814792.000000 1.000000
0.889320 170356.000000 5622456.000000 1.000000
0.839225 119214.000000 6336368.000000 1.000000
0.856404 135646.000000 6077477.000000 1.000000
0.897669 172512.000000 5535545.000000 1.000000
1.359918 531421.000000 2409318.000000 1.000000
1.530797 473324.000000 2339674.000000 1.000000
1.284582 383066.000000 2392181.000000 1.000000
1.614327 448833.000000 2440516.000000 1.000000
1.474810 411295.000000 2594491.000000 1.000000
0.770426 267143.000000 1994456.000000 1.000000
1.415007 541961.000000 2381135.000000 1.000000
1.375388 610610.000000 2058186.000000 1.000000
1.168412 388056.000000 2290188.000000 1.000000
1.320121 573621.000000 2268567.000000 1.000000
1.396837 522799.000000 2438633.000000 1.000000
0.615940 15468.000000 2148766.000000 1.000000
0.555335 210724.000000 1750290.000000 1.000000
0.908348 533544.000000 1640483.000000 1.000000
1.060316 666637.000000 1995276.000000 1.000000
1.088424 777234.000000 1629783.000000 1.000000
0.891144 409385.000000 2085752.000000 1.000000
1.104134 762156.000000 1720378.000000 1.000000
1.043505 713450.000000 1775662.000000 1.000000
1.076230 756819.000000 1830316.000000 1.000000
0.540245 23098.000000 2041526.000000 1.000000
0.913568 611388.000000 1730375.000000 1.000000
1.062487 687619.000000 1862829.000000 1.000000
1.039524 768900.000000 1668371.000000 1.000000
0.826528 446542.000000 1907482.000000 1.000000
1.114474 762839.000000 1746619.000000 1.000000
1.074634 681688.000000 1849161.000000 1.000000
1.095946 677536.000000 1979853.000000 1.000000
0.530350 18387.000000 1983498.000000 1.000000
0.423220 8423.000000 1801251.000000 1.000000
0.538947 4387.000000 1842507.000000 1.000000
0.342048 65141.000000 1514623.000000 1.000000
0.466119 178990.000000 1637374.000000 1.000000
0.551902 142926.000000 1687953.000000 1.000000
0.386485 20163.000000 1692135.000000 1.000000
0.240739 0.000000 1470076.000000 1.000000
0.315625 0.000000 1477989.000000 1.000000
0.312770 15029.000000 1311603.000000 1.000000
0.284347 65375.000000 1186468.000000 1.000000
0.371606 79174.000000 1542478.000000 1.000000
0.412685 102852.000000 1704043.000000 1.000000
0.399586 135988.000000 1693885.000000 1.000000
0.395703 139487.000000 1680545.000000 1.000000
0.409180 112938.000000 1620913.000000 1.000000
2.061996 135509.000000 2261241.000000 1.000000
2.172559 122656.000000 2625574.000000 1.000000
2.135749 105218.000000 2821503.000000 1.000000
2.077284 119629.000000 3228537.000000 1.000000
2.019822 139827.000000 3391901.000000 1.000000
1.946545 174428.000000 3354305.000000 1.000000
1.954638 162876.000000 3378503.000000 1.000000
1.784962 281669.000000 3122034.000000 1.000000
1.858547 228365.000000 3246714.000000 1.000000
1.730766 310269.000000 3005588.000000 1.000000
1.765562 288301.000000 3086426.000000 1.000000
1.853628 227220.000000 3241037.000000 1.000000
1.785684 259272.000000 3132183.000000 1.000000
1.647206 335039.000000 2889866.000000 1.000000
1.526820 408738.000000 2676310.000000 1.000000
1.438434 460045.000000 2539437.000000 1.000000
1.365217 504671.000000 2407957.000000 1.000000
1.313809 532032.000000 2351013.000000 1.000000
1.246690 573618.000000 2217119.000000 1.000000
1.173750 631086.000000 2041173.000000 1.000000
1.107961 675410.000000 1908966.000000 1.000000
1.056942 708414.000000 1813512.000000 1.000000
1.022525 731274.000000 1760493.000000 1.000000
0.976388 770083.000000 1635886.000000 1.000000
0.946738 794351.000000 1554735.000000 1.000000
0.913309 816430.000000 1487773.000000 1.000000
0.893437 829212.000000 1438300.000000 1.000000
0.879448 821015.000000 1430723.000000 1.000000
0.870336 831698.000000 1410446.000000 1.000000
0.860706 856178.000000 1365446.000000 1.000000
0.878109 884959.000000 1293527.000000 1.000000
0.888482 886094.000000 1304992.000000 1.000000
0.893709 870437.000000 1332863.000000 1.000000
0.892330 870962.000000 1334521.000000 1.000000
0.907505 873161.000000 1337756.000000 1.000000
0.904866 867351.000000 1350224.000000 1.000000
0.901059 865988.000000 1362603.000000 1.000000
0.893201 861757.000000 1375221.000000 1.000000
0.894132 858030.000000 1387634.000000 1.000000
0.897266 857188.000000 1400766.000000 1.000000
0.904727 866564.000000 1380382.000000 1.000000
0.903071 867762.000000 1390926.000000 1.000000
0.891922 848744.000000 1445037.000000 1.000000
0.896317 841751.000000 1473304.000000 1.000000
0.895138 817628.000000 1505396.000000 1.000000
0.908827 829473.000000 1503930.000000 1.000000
0.911010 818869.000000 1534551.000000 1.000000
0.912991 806235.000000 1585243.000000 1.000000
0.917592 799931.000000 1617299.000000 1.000000
0.920688 798538.000000 1643973.000000 1.000000
0.917356 790779.000000 1632515.000000 1.000000
0.922395 774622.000000 1687449.000000 1.000000
0.920907 767862.000000 1717688.000000 1.000000
0.928097 783902.000000 1707325.000000 1.000000
0.939833 763773.000000 1761714.000000 1.000000
0.923329 822951.000000 1580014.000000 1.000000
0.911291 800124.000000 1631700.000000 1.000000
0.942142 749924.000000 1769005.000000 1.000000
0.901858 816003.000000 1615750.000000 1.000000
0.898903 806117.000000 1639424.000000 1.000000
0.914886 771262.000000 1729850.000000 1.000000
0.917823 785362.000000 1651471.000000 1.000000
0.917717 826141.000000 1538751.000000 1.000000
0.915592 819207.000000 1579605.000000 1.000000
0.907142 820142.000000 1606691.000000 1.000000
0.917400 812798.000000 1646426.000000 1.000000
0.914430 798838.000000 1672671.000000 1.000000
0.909038 796726.000000 1681125.000000 1.000000
0.912297 785413.000000 1730502.000000 1.000000
0.923593 770688.000000 1761890.000000 1.000000
0.920247 768198.000000 1765134.000000 1.000000
0.934361 743503.000000 1832037.000000 1.000000
0.928319 791815.000000 1673564.000000 1.000000
0.919259 804607.000000 1675569.000000 1.000000
0.927041 793977.000000 1737226.000000 1.000000
0.936374 776323.000000 1798175.000000 1.000000
0.955441 730714.000000 1910999.000000 1.000000
0.932239 743898.000000 1845859.000000 1.000000
0.906776 760083.000000 1780270.000000 1.000000
0.882519 831643.000000 1538302.000000 1.000000
0.878929 869110.000000 1441218.000000 1.000000
0.877491 868230.000000 1440569.000000 1.000000
0.858044 866532.000000 1463353.000000 1.000000
0.855498 867350.000000 1466022.000000 1.000000
0.854910 867754.000000 1466936.000000 1.000000
0.854183 847566.000000 1525322.000000 1.000000
0.864534 832961.000000 1567605.000000 1.000000
0.874408 802918.000000 1667551.000000 1.000000
0.890302 784508.000000 1728799.000000 1.000000
0.885845 821638.000000 1597044.000000 1.000000
0.889998 829951.000000 1607208.000000 1.000000
0.898945 793836.000000 1721433.000000 1.000000
0.906657 791207.000000 1687679.000000 1.000000
0.901415 845541.000000 1527901.000000 1.000000
0.891700 842091.000000 1547341.000000 1.000000
0.883692 830335.000000 1578861.000000 1.000000
0.888481 827114.000000 1601809.000000 1.000000
0.888069 826096.000000 1607195.000000 1.000000
0.886392 828749.000000 1602861.000000 1.000000
0.885929 822405.000000 1633127.000000 1.000000
0.917350 764493.000000 1806202.000000 1.000000
0.905573 805221.000000 1684335.000000 1.000000
0.899950 824739.000000 1642363.000000 1.000000
0.901146 820045.000000 1649764.000000 1.000000
0.890353 814989.000000 1640982.000000 1.000000
0.884465 816241.000000 1641397.000000 1.000000
0.886853 827112.000000 1621441.000000 1.000000
0.896759 797694.000000 1717199.000000 1.000000
0.900877 792556.000000 1716137.000000 1.000000
0.896350 835881.000000 1613597.000000 1.000000
0.896880 828372.000000 1633535.000000 1.000000
0.884094 807205.000000 1661408.000000 1.000000
0.902898 779966.000000 1752497.000000 1.000000
0.939286 702384.000000 1945725.000000 1.000000
0.908251 796872.000000 1680657.000000 1.000000
0.887050 824210.000000 1604572.000000 1.000000
0.877608 819541.000000 1655271.000000 1.000000
0.884610 781177.000000 1734870.000000 1.000000
0.909083 742048.000000 1844063.000000 1.000000
0.912311 751706.000000 1839878.000000 1.000000
0.902144 761099.000000 1811021.000000 1.000000
0.894853 775871.000000 1772778.000000 1.000000
0.889933 775985.000000 1773368.000000 1.000000
0.882228 785374.000000 1741180.000000 1.000000
0.869109 804424.000000 1687651.000000 1.000000
0.857077 813216.000000 1610464.000000 1.000000
0.855622 819852.000000 1587958.000000 1.000000
0.852759 822888.000000 1582989.000000 1.000000
0.855960 866055.000000 1452612.000000 1.000000
0.835504 871680.000000 1478676.000000 1.000000
0.828885 869759.000000 1452609.000000 1.000000
0.829652 861485.000000 1470831.000000 1.000000
0.825887 850961.000000 1493171.000000 1.000000
0.833559 848232.000000 1527831.000000 1.000000
0.840945 842997.000000 1561032.000000 1.000000
0.847552 820155.000000 1640163.000000 1.000000
0.871742 773906.000000 1783566.000000 1.000000
0.881044 833963.000000 1607165.000000 1.000000
0.878726 831130.000000 1607085.000000 1.000000
0.868737 853444.000000 1561260.000000 1.000000
0.856000 845118.000000 1592905.000000 1.000000
0.859978 836298.000000 1614924.000000 1.000000
0.862558 828753.000000 1629988.000000 1.000000
0.867964 816659.000000 1665148.000000 1.000000
0.872402 801489.000000 1712149.000000 1.000000
0.861455 794983.000000 1722398.000000 1.000000
0.863940 813543.000000 1647636.000000 1.000000
0.874608 835163.000000 1598061.000000 1.000000
0.878081 836768.000000 1591201.000000 1.000000
0.876833 844401.000000 1574356.000000 1.000000
0.869217 850493.000000 1562500.000000 1.000000
0.856681 841097.000000 1579337.000000 1.000000
0.853271 833139.000000 1614524.000000 1.000000
0.853527 824555.000000 1640207.000000 1.000000
0.868757 798846.000000 1725023.000000 1.000000
0.876268 771222.000000 1812746.000000 1.000000
0.882938 763082.000000 1841217.000000 1.000000
0.889085 772275.000000 1797901.000000 1.000000
0.898543 807125.000000 1698493.000000 1.000000
0.876113 818690.000000 1665109.000000 1.000000
0.871104 825829.000000 1649845.000000 1.000000
0.869331 819617.000000 1655118.000000 1.000000
0.860326 818435.000000 1653778.000000 1.000000
0.865618 800962.000000 1701700.000000 1.000000
0.875390 798406.000000 1695659.000000 1.000000
0.887814 816588.000000 1661382.000000 1.000000
0.882499 817966.000000 1662397.000000 1.000000
0.877241 817427.000000 1667798.000000 1.000000
0.881467 793561.000000 1735141.000000 1.000000
0.905188 786850.000000 1753486.000000 1.000000
0.897349 800733.000000 1734170.000000 1.000000
0.885432 806778.000000 1701665.000000 1.000000
0.880244 802318.000000 1700197.000000 1.000000
0.875928 763372.000000 1791157.000000 1.000000
0.888610 798350.000000 1708041.000000 1.000000
0.889062 810970.000000 1680062.000000 1.000000
0.883939 811877.000000 1668097.000000 1.000000
0.878966 812765.000000 1666381.000000 1.000000
0.877730 808321.000000 1698379.000000 1.000000
0.885710 799110.000000 1719603.000000 1.000000
0.896449 784383.000000 1756890.000000 1.000000
0.889806 773519.000000 1754073.000000 1.000000
0.892165 772405.000000 1811454.000000 1.000000
0.892605 742555.000000 1878727.000000 1.000000
0.913282 791352.000000 1742072.000000 1.000000
0.901051 797738.000000 1718655.000000 1.000000
0.890750 804011.000000 1707842.000000 1.000000
0.897440 795672.000000 1719387.000000 1.000000
0.897268 795472.000000 1724984.000000 1.000000
0.898388 789836.000000 1725061.000000 1.000000
0.897969 743561.000000 1888633.000000 1.000000
0.933887 731750.000000 1934159.000000 1.000000
0.929629 754144.000000 1865962.000000 1.000000
0.934978 765837.000000 1829899.000000 1.000000
0.922860 770525.000000 1812420.000000 1.000000
0.902898 764028.000000 1815905.000000 1.000000
0.912799 775813.000000 1786884.000000 1.000000
0.920880 773288.000000 1801683.000000 1.000000
0.917456 768535.000000 1817593.000000 1.000000
0.917371 764812.000000 1831292.000000 1.000000
0.928419 770554.000000 1805324.000000 1.000000
0.922815 755744.000000 1852372.000000 1.000000
0.924406 736316.000000 1910645.000000 1.000000
0.932306 735755.000000 1912067.000000 1.000000
0.935206 760162.000000 1856529.000000 1.000000
0.928622 771508.000000 1810308.000000 1.000000
0.912622 753701.000000 1858148.000000 1.000000
0.921797 700672.000000 2013522.000000 1.000000
0.942965 696523.000000 2035283.000000 1.000000
0.953522 707608.000000 1978305.000000 1.000000
0.957938 723427.000000 1940529.000000 1.000000
0.969619 723117.000000 1942490.000000 1.000000
0.967761 721224.000000 1941221.000000 1.000000
0.959699 721217.000000 1940449.000000 1.000000
0.925046 721602.000000 1970187.000000 1.000000
0.935101 767918.000000 1817039.000000 1.000000
0.940986 738801.000000 1895981.000000 1.000000
0.931402 672504.000000 2141920.000000 1.000000
0.934905 717983.000000 1950447.000000 1.000000
0.940837 750666.000000 1867798.000000 1.000000
0.952911 764105.000000 1822274.000000 1.000000
0.932845 743987.000000 1907283.000000 1.000000
0.943370 665901.000000 2158886.000000 1.000000
0.995742 688482.000000 2049979.000000 1.000000
0.997555 686998.000000 2050809.000000 1.000000
0.978221 634457.000000 2241971.000000 1.000000
1.006077 643963.000000 2215340.000000 1.000000
1.015951 640180.000000 2192505.000000 1.000000
1.040466 633614.000000 2208060.000000 1.000000
1.047087 635099.000000 2198197.000000 1.000000
1.056803 631067.000000 2208912.000000 1.000000
1.014265 632588.000000 2212789.000000 1.000000
1.002362 696928.000000 2052915.000000 1.000000
0.995223 670472.000000 2114065.000000 1.000000
0.968571 639634.000000 2208249.000000 1.000000
0.989541 720471.000000 1933679.000000 1.000000
0.986259 724922.000000 1936367.000000 1.000000
0.996160 705305.000000 1986335.000000 1.000000
0.943821 574040.000000 2497117.000000 1.000000
1.002257 522865.000000 2635461.000000 1.000000
0.998108 534234.000000 2609306.000000 1.000000
1.053601 563738.000000 2459156.000000 1.000000
1.047522 539619.000000 2543620.000000 1.000000
1.007158 522761.000000 2661319.000000 1.000000
1.017551 523592.000000 2677082.000000 1.000000
1.035470 507585.000000 2680562.000000 1.000000
1.001477 510425.000000 2665485.000000 1.000000
1.020141 511785.000000 2675150.000000 1.000000
1.069782 536295.000000 2582994.000000 1.000000
1.037220 518866.000000 2628334.000000 1.000000
1.058348 478359.000000 2759973.000000 1.000000
0.915560 399145.000000 3238832.000000 1.000000
0.956222 434125.000000 3107029.000000 1.000000
1.022448 473491.000000 2882920.000000 1.000000
1.088819 466083.000000 2871670.000000 1.000000
1.087106 442573.000000 2939050.000000 1.000000
1.003137 406860.000000 3124633.000000 1.000000
0.906714 435766.000000 3075436.000000 1.000000
0.817186 366290.000000 3383576.000000 1.000000
0.830500 362974.000000 3460843.000000 1.000000
0.746281 349720.000000 3701981.000000 1.000000
0.692402 352467.000000 3870050.000000 1.000000
0.752156 356422.000000 3674716.000000 1.000000
0.645738 346158.000000 3996595.000000 1.000000
0.643466 354363.000000 3988416.000000 1.000000
0.651747 350119.000000 4036429.000000 1.000000
0.649128 350879.000000 4021274.000000 1.000000
0.647760 357151.000000 4014011.000000 1.000000
0.653795 349201.000000 4048920.000000 1.000000
0.650098 355171.000000 4027805.000000 1.000000
0.638067 349099.000000 3951193.000000 1.000000
0.727528 212489.000000 4406573.000000 1.000000
0.768556 1142.000000 4394878.000000 1.000000
0.294138 1460.000000 782372.000000 1.000000
0.294924 1550.000000 744937.000000 1.000000
0.298058 2681.000000 759737.000000 1.000000
0.300004 1999.000000 854615.000000 1.000000
0.298575 1804.000000 844215.000000 1.000000
0.299789 1700.000000 849778.000000 1.000000
0.300472 1507.000000 852381.000000 1.000000
0.518009 6255.000000 2540563.000000 1.000000
1.582489 7192.000000 2445838.000000 1.000000
0.827448 20244.000000 8262276.000000 1.000000
0.809623 8929.000000 7888458.000000 1.000000
0.808552 8730.000000 7878089.000000 1.000000
0.813368 7933.000000 7897775.000000 1.000000
0.818121 7668.000000 7903885.000000 1.000000
0.823842 7223.000000 7906057.000000 1.000000
0.832305 4727.000000 7930106.000000 1.000000
0.773430 14232.000000 6246266.000000 1.000000
time: 6.440698
